{"numTotalTestSuites":488,"numPassedTestSuites":475,"numFailedTestSuites":13,"numPendingTestSuites":0,"numTotalTests":1275,"numPassedTests":1263,"numFailedTests":12,"numPendingTests":0,"numTodoTests":0,"snapshot":{"added":0,"failure":false,"filesAdded":0,"filesRemoved":0,"filesRemovedList":[],"filesUnmatched":0,"filesUpdated":0,"matched":0,"total":0,"unchecked":0,"uncheckedKeysByFile":[],"unmatched":0,"updated":0,"didUpdate":false},"startTime":1778823289181,"success":false,"testResults":[{"assertionResults":[{"ancestorTitles":["aggregateSectionBadge"],"fullName":"aggregateSectionBadge returns null when no items have counts","status":"passed","title":"returns null when no items have counts","duration":1.7420420000000831,"failureMessages":[],"meta":{}},{"ancestorTitles":["aggregateSectionBadge"],"fullName":"aggregateSectionBadge sums counts across items","status":"passed","title":"sums counts across items","duration":0.9751249999999345,"failureMessages":[],"meta":{}},{"ancestorTitles":["aggregateSectionBadge"],"fullName":"aggregateSectionBadge picks the loudest tone among contributing items","status":"passed","title":"picks the loudest tone among contributing items","duration":0.301146000000017,"failureMessages":[],"meta":{}},{"ancestorTitles":["aggregateSectionBadge"],"fullName":"aggregateSectionBadge ignores tone of zero-count items","status":"passed","title":"ignores tone of zero-count items","duration":0.2829900000001544,"failureMessages":[],"meta":{}},{"ancestorTitles":["itemMatchesPath"],"fullName":"itemMatchesPath matches on exact pathname","status":"passed","title":"matches on exact pathname","duration":0.38655999999991764,"failureMessages":[],"meta":{}},{"ancestorTitles":["itemMatchesPath"],"fullName":"itemMatchesPath matches nested routes","status":"passed","title":"matches nested routes","duration":0.23501099999998587,"failureMessages":[],"meta":{}},{"ancestorTitles":["itemMatchesPath"],"fullName":"itemMatchesPath does not let top-level hrefs match every nested path","status":"passed","title":"does not let top-level hrefs match every nested path","duration":0.3602709999997842,"failureMessages":[],"meta":{}},{"ancestorTitles":["itemMatchesPath"],"fullName":"itemMatchesPath does not match unrelated paths","status":"passed","title":"does not match unrelated paths","duration":0.23465299999998024,"failureMessages":[],"meta":{}},{"ancestorTitles":["sectionContainsPath"],"fullName":"sectionContainsPath returns true when any item matches","status":"passed","title":"returns true when any item matches","duration":0.3333350000000337,"failureMessages":[],"meta":{}},{"ancestorTitles":["sectionContainsPath"],"fullName":"sectionContainsPath returns false when no item matches","status":"passed","title":"returns false when no item matches","duration":0.29448100000013255,"failureMessages":[],"meta":{}},{"ancestorTitles":["resolveInitialCollapseState"],"fullName":"resolveInitialCollapseState skips unlabeled sections","status":"passed","title":"skips unlabeled sections","duration":0.3805720000000292,"failureMessages":[],"meta":{}},{"ancestorTitles":["resolveInitialCollapseState"],"fullName":"resolveInitialCollapseState expands the section containing the current pathname, overriding default","status":"passed","title":"expands the section containing the current pathname, overriding default","duration":0.3600249999999505,"failureMessages":[],"meta":{}},{"ancestorTitles":["resolveInitialCollapseState"],"fullName":"resolveInitialCollapseState honors persisted state when the section does not contain the current path","status":"passed","title":"honors persisted state when the section does not contain the current path","duration":0.3067719999999099,"failureMessages":[],"meta":{}},{"ancestorTitles":["resolveInitialCollapseState"],"fullName":"resolveInitialCollapseState persisted state cannot keep the active section collapsed","status":"passed","title":"persisted state cannot keep the active section collapsed","duration":0.1932160000001204,"failureMessages":[],"meta":{}},{"ancestorTitles":["resolveInitialCollapseState"],"fullName":"resolveInitialCollapseState uses defaultCollapsed as the final fallback","status":"passed","title":"uses defaultCollapsed as the final fallback","duration":0.4493130000000747,"failureMessages":[],"meta":{}},{"ancestorTitles":["readPersistedCollapseState"],"fullName":"readPersistedCollapseState round-trips booleans through the storage key convention","status":"passed","title":"round-trips booleans through the storage key convention","duration":0.5058019999999033,"failureMessages":[],"meta":{}},{"ancestorTitles":["readPersistedCollapseState"],"fullName":"readPersistedCollapseState ignores malformed values","status":"passed","title":"ignores malformed values","duration":0.5697740000000522,"failureMessages":[],"meta":{}},{"ancestorTitles":["readPersistedCollapseState"],"fullName":"readPersistedCollapseState returns empty when nothing is persisted","status":"passed","title":"returns empty when nothing is persisted","duration":0.3780899999999292,"failureMessages":[],"meta":{}},{"ancestorTitles":["toggleCollapseState"],"fullName":"toggleCollapseState flips an existing key without mutating the input","status":"passed","title":"flips an existing key without mutating the input","duration":0.4347539999998844,"failureMessages":[],"meta":{}},{"ancestorTitles":["toggleCollapseState"],"fullName":"toggleCollapseState treats an absent key as expanded (undefined → true)","status":"passed","title":"treats an absent key as expanded (undefined → true)","duration":0.42014399999993657,"failureMessages":[],"meta":{}},{"ancestorTitles":["flattenSectionItems"],"fullName":"flattenSectionItems preserves order across sections","status":"passed","title":"preserves order across sections","duration":0.5265329999999722,"failureMessages":[],"meta":{}}],"startTime":1778823291042,"endTime":1778823291053.5266,"status":"passed","message":"","name":"/Users/scottwayman/ANTIGRAVITY/EMR/src/components/shell/nav-sections.test.ts"},{"assertionResults":[{"ancestorTitles":["computeAgeYears"],"fullName":"computeAgeYears computes age with birthday boundary","status":"passed","title":"computes age with birthday boundary","duration":2.914952000000085,"failureMessages":[],"meta":{}},{"ancestorTitles":["resolveAgeGate"],"fullName":"resolveAgeGate allows non-21+ products","status":"passed","title":"allows non-21+ products","duration":0.8878429999999753,"failureMessages":[],"meta":{}},{"ancestorTitles":["resolveAgeGate"],"fullName":"resolveAgeGate requires login for 21+ products","status":"passed","title":"requires login for 21+ products","duration":0.35710100000005696,"failureMessages":[],"meta":{}},{"ancestorTitles":["resolveAgeGate"],"fullName":"resolveAgeGate requires dob for authenticated users on 21+ products","status":"passed","title":"requires dob for authenticated users on 21+ products","duration":0.35232200000007197,"failureMessages":[],"meta":{}},{"ancestorTitles":["resolveAgeGate"],"fullName":"resolveAgeGate blocks underage users","status":"passed","title":"blocks underage users","duration":0.3433909999999969,"failureMessages":[],"meta":{}},{"ancestorTitles":["resolveAgeGate"],"fullName":"resolveAgeGate applies state override messaging","status":"passed","title":"applies state override messaging","duration":0.40193699999997534,"failureMessages":[],"meta":{}},{"ancestorTitles":["resolveCartAgeGate"],"fullName":"resolveCartAgeGate never blocks items that don't require 21+","status":"passed","title":"never blocks items that don't require 21+","duration":11.410653000000025,"failureMessages":[],"meta":{}},{"ancestorTitles":["resolveCartAgeGate"],"fullName":"resolveCartAgeGate fast-paths a verified adult patient (no re-prompt)","status":"passed","title":"fast-paths a verified adult patient (no re-prompt)","duration":0.3501459999999952,"failureMessages":[],"meta":{}},{"ancestorTitles":["resolveCartAgeGate"],"fullName":"resolveCartAgeGate blocks an unauthenticated cart with 21+ items","status":"passed","title":"blocks an unauthenticated cart with 21+ items","duration":0.646033999999986,"failureMessages":[],"meta":{}},{"ancestorTitles":["resolveCartAgeGate"],"fullName":"resolveCartAgeGate blocks a teen patient even with ageVerifiedAt set (defense in depth)","status":"passed","title":"blocks a teen patient even with ageVerifiedAt set (defense in depth)","duration":1.4643299999999044,"failureMessages":[],"meta":{}},{"ancestorTitles":["resolveCartAgeGate"],"fullName":"resolveCartAgeGate blocks only the 21+ items in a mixed cart","status":"passed","title":"blocks only the 21+ items in a mixed cart","duration":12.142316999999935,"failureMessages":[],"meta":{}},{"ancestorTitles":["resolveCartAgeGate"],"fullName":"resolveCartAgeGate requires DOB collection for an authenticated patient with no DOB","status":"passed","title":"requires DOB collection for an authenticated patient with no DOB","duration":0.3697700000000168,"failureMessages":[],"meta":{}}],"startTime":1778823295452,"endTime":1778823295485.3699,"status":"passed","message":"","name":"/Users/scottwayman/ANTIGRAVITY/EMR/src/server/marketplace/age-gate.test.ts"},{"assertionResults":[{"ancestorTitles":["lookupRepresentatives"],"fullName":"lookupRepresentatives returns federal + state reps for a known state","status":"passed","title":"returns federal + state reps for a known state","duration":2.727384000000029,"failureMessages":[],"meta":{}},{"ancestorTitles":["lookupRepresentatives"],"fullName":"lookupRepresentatives returns nothing for an unsupported state","status":"passed","title":"returns nothing for an unsupported state","duration":1.2052300000000287,"failureMessages":[],"meta":{}},{"ancestorTitles":["listAsks"],"fullName":"listAsks includes the five core advocacy asks","status":"passed","title":"includes the five core advocacy asks","duration":0.9010850000000801,"failureMessages":[],"meta":{}},{"ancestorTitles":["renderLetter"],"fullName":"renderLetter includes the patient name and home state","status":"passed","title":"includes the patient name and home state","duration":0.9492729999999483,"failureMessages":[],"meta":{}},{"ancestorTitles":["renderLetter"],"fullName":"renderLetter inlines the chosen ask's call-to-action","status":"passed","title":"inlines the chosen ask's call-to-action","duration":0.3564640000000736,"failureMessages":[],"meta":{}},{"ancestorTitles":["renderLetter"],"fullName":"renderLetter subject names the state and the ask title","status":"passed","title":"subject names the state and the ask title","duration":0.4036350000000084,"failureMessages":[],"meta":{}},{"ancestorTitles":["renderLetter"],"fullName":"renderLetter character count matches body length","status":"passed","title":"character count matches body length","duration":0.35780300000010357,"failureMessages":[],"meta":{}}],"startTime":1778823298674,"endTime":1778823298681.4036,"status":"passed","message":"","name":"/Users/scottwayman/ANTIGRAVITY/EMR/src/lib/advocacy/representatives.test.ts"},{"assertionResults":[{"ancestorTitles":["affiliate partners registry"],"fullName":"affiliate partners registry includes the three Dr. Patel partners","status":"passed","title":"includes the three Dr. Patel partners","duration":4.405410000000074,"failureMessages":[],"meta":{}},{"ancestorTitles":["affiliate partners registry"],"fullName":"affiliate partners registry listAffiliatePartners returns only active, sorted by sortOrder","status":"passed","title":"listAffiliatePartners returns only active, sorted by sortOrder","duration":1.214790999999991,"failureMessages":[],"meta":{}},{"ancestorTitles":["affiliate partners registry"],"fullName":"affiliate partners registry every partner ships a disclaimer + joint decision note","status":"passed","title":"every partner ships a disclaimer + joint decision note","duration":0.8026310000000194,"failureMessages":[],"meta":{}},{"ancestorTitles":["decorateAffiliateUrl"],"fullName":"decorateAffiliateUrl appends utm_source and utm_medium when missing","status":"passed","title":"appends utm_source and utm_medium when missing","duration":4.481534000000011,"failureMessages":[],"meta":{}},{"ancestorTitles":["decorateAffiliateUrl"],"fullName":"decorateAffiliateUrl does not overwrite existing utm params","status":"passed","title":"does not overwrite existing utm params","duration":1.4830300000000989,"failureMessages":[],"meta":{}},{"ancestorTitles":["decorateAffiliateUrl"],"fullName":"decorateAffiliateUrl returns raw url when utmSource missing","status":"passed","title":"returns raw url when utmSource missing","duration":0.40006399999992937,"failureMessages":[],"meta":{}},{"ancestorTitles":["decorateAffiliateUrl"],"fullName":"decorateAffiliateUrl returns raw url when input is malformed","status":"passed","title":"returns raw url when input is malformed","duration":0.3641290000000481,"failureMessages":[],"meta":{}}],"startTime":1778823296946,"endTime":1778823296960.364,"status":"passed","message":"","name":"/Users/scottwayman/ANTIGRAVITY/EMR/src/lib/affiliate/partners.test.ts"},{"assertionResults":[{"ancestorTitles":["classifyAdherence"],"fullName":"classifyAdherence returns null for healthy adherence (≥60% recent, no drift)","status":"passed","title":"returns null for healthy adherence (≥60% recent, no drift)","duration":4.1408389999999144,"failureMessages":[],"meta":{}},{"ancestorTitles":["classifyAdherence"],"fullName":"classifyAdherence flags urgent when regimen is >72h old AND last dose was >72h ago","status":"passed","title":"flags urgent when regimen is >72h old AND last dose was >72h ago","duration":0.9509439999999358,"failureMessages":[],"meta":{}},{"ancestorTitles":["classifyAdherence"],"fullName":"classifyAdherence does NOT flag urgent on a fresh regimen (<72h old) with no doses","status":"passed","title":"does NOT flag urgent on a fresh regimen (<72h old) with no doses","duration":1.456621000000041,"failureMessages":[],"meta":{}},{"ancestorTitles":["classifyAdherence"],"fullName":"classifyAdherence flags concern on a significant drift vs baseline (≥25pp drop)","status":"passed","title":"flags concern on a significant drift vs baseline (≥25pp drop)","duration":0.7133209999999508,"failureMessages":[],"meta":{}},{"ancestorTitles":["classifyAdherence"],"fullName":"classifyAdherence flags concern on severely low recent pace (<30%)","status":"passed","title":"flags concern on severely low recent pace (<30%)","duration":0.7151119999998627,"failureMessages":[],"meta":{}},{"ancestorTitles":["classifyAdherence"],"fullName":"classifyAdherence flags notable on chronic 30-60% adherence without a baseline drop","status":"passed","title":"flags notable on chronic 30-60% adherence without a baseline drop","duration":1.6305280000001403,"failureMessages":[],"meta":{}},{"ancestorTitles":["classifyAdherence"],"fullName":"classifyAdherence reports the stalled hoursSinceLastLog in metadata","status":"passed","title":"reports the stalled hoursSinceLastLog in metadata","duration":1.8871180000001004,"failureMessages":[],"meta":{}},{"ancestorTitles":["classifyAdherence"],"fullName":"classifyAdherence does not crash on frequencyPerDay=0 regimens","status":"passed","title":"does not crash on frequencyPerDay=0 regimens","duration":0.39481500000010783,"failureMessages":[],"meta":{}}],"startTime":1778823295125,"endTime":1778823295137.3948,"status":"passed","message":"","name":"/Users/scottwayman/ANTIGRAVITY/EMR/src/lib/agents/adherence-drift-detector-agent.test.ts"},{"assertionResults":[{"ancestorTitles":["buildHistoryText"],"fullName":"buildHistoryText concatenates presenting concerns and contraindications lower-cased","status":"passed","title":"concatenates presenting concerns and contraindications lower-cased","duration":2.358661000000211,"failureMessages":[],"meta":{}},{"ancestorTitles":["buildHistoryText"],"fullName":"buildHistoryText handles null fields without throwing","status":"passed","title":"handles null fields without throwing","duration":0.46968599999991056,"failureMessages":[],"meta":{}},{"ancestorTitles":["buildHistoryText"],"fullName":"buildHistoryText handles empty contraindication arrays","status":"passed","title":"handles empty contraindication arrays","duration":0.3215909999998985,"failureMessages":[],"meta":{}},{"ancestorTitles":["filterNewContraindications"],"fullName":"filterNewContraindications returns every matched contraindication when no observations exist","status":"passed","title":"returns every matched contraindication when no observations exist","duration":1.3096769999999651,"failureMessages":[],"meta":{}},{"ancestorTitles":["filterNewContraindications"],"fullName":"filterNewContraindications drops a contraindication already covered by an unresolved observation on the same regimen","status":"passed","title":"drops a contraindication already covered by an unresolved observation on the same regimen","duration":0.4444989999999507,"failureMessages":[],"meta":{}},{"ancestorTitles":["filterNewContraindications"],"fullName":"filterNewContraindications does NOT drop when the existing observation is resolved","status":"passed","title":"does NOT drop when the existing observation is resolved","duration":4.855816999999888,"failureMessages":[],"meta":{}},{"ancestorTitles":["filterNewContraindications"],"fullName":"filterNewContraindications does NOT drop when the existing observation is against a different regimen","status":"passed","title":"does NOT drop when the existing observation is against a different regimen","duration":0.70709399999987,"failureMessages":[],"meta":{}},{"ancestorTitles":["filterNewContraindications"],"fullName":"filterNewContraindications ignores observations whose metadata is null or malformed","status":"passed","title":"ignores observations whose metadata is null or malformed","duration":0.9353579999999511,"failureMessages":[],"meta":{}},{"ancestorTitles":["filterNewContraindications"],"fullName":"filterNewContraindications returns [] when every match is already covered","status":"passed","title":"returns [] when every match is already covered","duration":0.4898800000000847,"failureMessages":[],"meta":{}}],"startTime":1778823295925,"endTime":1778823295937.49,"status":"passed","message":"","name":"/Users/scottwayman/ANTIGRAVITY/EMR/src/lib/agents/diagnosis-safety-agent.test.ts"},{"assertionResults":[{"ancestorTitles":["truncate"],"fullName":"truncate leaves short strings unchanged","status":"passed","title":"leaves short strings unchanged","duration":3.1250930000001063,"failureMessages":[],"meta":{}},{"ancestorTitles":["truncate"],"fullName":"truncate collapses internal whitespace runs","status":"passed","title":"collapses internal whitespace runs","duration":0.517755999999963,"failureMessages":[],"meta":{}},{"ancestorTitles":["truncate"],"fullName":"truncate trims leading and trailing whitespace","status":"passed","title":"trims leading and trailing whitespace","duration":0.38308200000005854,"failureMessages":[],"meta":{}},{"ancestorTitles":["truncate"],"fullName":"truncate truncates with an ellipsis when the message exceeds max","status":"passed","title":"truncates with an ellipsis when the message exceeds max","duration":0.4114039999999477,"failureMessages":[],"meta":{}},{"ancestorTitles":["truncate"],"fullName":"truncate does not include trailing spaces before the ellipsis","status":"passed","title":"does not include trailing spaces before the ellipsis","duration":0.40270699999996395,"failureMessages":[],"meta":{}}],"startTime":1778823300176,"endTime":1778823300180.4114,"status":"passed","message":"","name":"/Users/scottwayman/ANTIGRAVITY/EMR/src/lib/agents/message-urgency-observer-agent.test.ts"},{"assertionResults":[{"ancestorTitles":["extractOverriddenContraindicationIds"],"fullName":"extractOverriddenContraindicationIds returns the id array from a well-shaped override record","status":"passed","title":"returns the id array from a well-shaped override record","duration":2.7793950000000223,"failureMessages":[],"meta":{}},{"ancestorTitles":["extractOverriddenContraindicationIds"],"fullName":"extractOverriddenContraindicationIds returns [] when override is null, undefined, or not an object","status":"passed","title":"returns [] when override is null, undefined, or not an object","duration":0.6610160000000178,"failureMessages":[],"meta":{}},{"ancestorTitles":["extractOverriddenContraindicationIds"],"fullName":"extractOverriddenContraindicationIds returns [] when contraindicationIds field is missing or wrong type","status":"passed","title":"returns [] when contraindicationIds field is missing or wrong type","duration":0.45654899999999543,"failureMessages":[],"meta":{}},{"ancestorTitles":["extractOverriddenContraindicationIds"],"fullName":"extractOverriddenContraindicationIds filters out non-string entries from the id array","status":"passed","title":"filters out non-string entries from the id array","duration":0.25531999999998334,"failureMessages":[],"meta":{}},{"ancestorTitles":["extractOverriddenContraindicationIds"],"fullName":"extractOverriddenContraindicationIds handles an empty id array","status":"passed","title":"handles an empty id array","duration":0.3456039999998666,"failureMessages":[],"meta":{}}],"startTime":1778823299343,"endTime":1778823299347.3457,"status":"passed","message":"","name":"/Users/scottwayman/ANTIGRAVITY/EMR/src/lib/agents/prescription-safety-agent.test.ts"},{"assertionResults":[{"ancestorTitles":["parseDiscoveryResponse"],"fullName":"parseDiscoveryResponse parses a clean found response","status":"passed","title":"parses a clean found response","duration":5.106852000000117,"failureMessages":[],"meta":{}},{"ancestorTitles":["parseDiscoveryResponse"],"fullName":"parseDiscoveryResponse parses a clean none response","status":"passed","title":"parses a clean none response","duration":0.7207769999999982,"failureMessages":[],"meta":{}},{"ancestorTitles":["parseDiscoveryResponse"],"fullName":"parseDiscoveryResponse strips markdown fences around JSON","status":"passed","title":"strips markdown fences around JSON","duration":1.1909239999999954,"failureMessages":[],"meta":{}},{"ancestorTitles":["parseDiscoveryResponse"],"fullName":"parseDiscoveryResponse strips leading prose before a JSON object","status":"passed","title":"strips leading prose before a JSON object","duration":2.864262999999937,"failureMessages":[],"meta":{}},{"ancestorTitles":["parseDiscoveryResponse"],"fullName":"parseDiscoveryResponse returns null on malformed JSON","status":"passed","title":"returns null on malformed JSON","duration":1.0657260000000406,"failureMessages":[],"meta":{}},{"ancestorTitles":["parseDiscoveryResponse"],"fullName":"parseDiscoveryResponse returns null when discovery field is missing or unknown","status":"passed","title":"returns null when discovery field is missing or unknown","duration":2.798626000000013,"failureMessages":[],"meta":{}},{"ancestorTitles":["parseDiscoveryResponse"],"fullName":"parseDiscoveryResponse drops non-string category/severity/summary fields","status":"passed","title":"drops non-string category/severity/summary fields","duration":7.183999999999969,"failureMessages":[],"meta":{}},{"ancestorTitles":["coerceCategory"],"fullName":"coerceCategory accepts valid enum values","status":"passed","title":"accepts valid enum values","duration":0.6799969999999576,"failureMessages":[],"meta":{}},{"ancestorTitles":["coerceCategory"],"fullName":"coerceCategory is case-insensitive","status":"passed","title":"is case-insensitive","duration":1.0006260000000111,"failureMessages":[],"meta":{}},{"ancestorTitles":["coerceCategory"],"fullName":"coerceCategory rejects unknown values","status":"passed","title":"rejects unknown values","duration":0.929068000000143,"failureMessages":[],"meta":{}},{"ancestorTitles":["coerceSeverity"],"fullName":"coerceSeverity accepts the four valid levels","status":"passed","title":"accepts the four valid levels","duration":0.5669020000000273,"failureMessages":[],"meta":{}},{"ancestorTitles":["coerceSeverity"],"fullName":"coerceSeverity rejects unknown severities","status":"passed","title":"rejects unknown severities","duration":0.572456000000102,"failureMessages":[],"meta":{}},{"ancestorTitles":["renderNoteForPrompt"],"fullName":"renderNoteForPrompt joins block heading + body with blank-line separators","status":"passed","title":"joins block heading + body with blank-line separators","duration":0.672027000000071,"failureMessages":[],"meta":{}},{"ancestorTitles":["renderNoteForPrompt"],"fullName":"renderNoteForPrompt falls back to block type when heading is missing","status":"passed","title":"falls back to block type when heading is missing","duration":1.0882540000000063,"failureMessages":[],"meta":{}},{"ancestorTitles":["renderNoteForPrompt"],"fullName":"renderNoteForPrompt appends narrative when present","status":"passed","title":"appends narrative when present","duration":0.6183039999998527,"failureMessages":[],"meta":{}},{"ancestorTitles":["renderNoteForPrompt"],"fullName":"renderNoteForPrompt handles non-array blocks gracefully","status":"passed","title":"handles non-array blocks gracefully","duration":3.241501999999855,"failureMessages":[],"meta":{}},{"ancestorTitles":["renderNoteForPrompt"],"fullName":"renderNoteForPrompt skips blocks with empty bodies","status":"passed","title":"skips blocks with empty bodies","duration":0.5182589999999436,"failureMessages":[],"meta":{}}],"startTime":1778823294775,"endTime":1778823294809.5183,"status":"passed","message":"","name":"/Users/scottwayman/ANTIGRAVITY/EMR/src/lib/agents/visit-discovery-whisperer-agent.test.ts"},{"assertionResults":[{"ancestorTitles":["requireApiAuth — authentication"],"fullName":"requireApiAuth — authentication returns 401 when requireUser throws (unauthenticated)","status":"passed","title":"returns 401 when requireUser throws (unauthenticated)","duration":14.848200000000134,"failureMessages":[],"meta":{}},{"ancestorTitles":["requireApiAuth — authentication"],"fullName":"requireApiAuth — authentication returns the actor when authenticated and no role required","status":"passed","title":"returns the actor when authenticated and no role required","duration":1.2397000000000844,"failureMessages":[],"meta":{}},{"ancestorTitles":["requireApiAuth — authorization"],"fullName":"requireApiAuth — authorization returns 403 when role required and user lacks it","status":"passed","title":"returns 403 when role required and user lacks it","duration":1.0477129999999306,"failureMessages":[],"meta":{}},{"ancestorTitles":["requireApiAuth — authorization"],"fullName":"requireApiAuth — authorization returns the actor when role required and user has it","status":"passed","title":"returns the actor when role required and user has it","duration":1.38718300000005,"failureMessages":[],"meta":{}},{"ancestorTitles":["requireApiAuth — bootstrap super-admin"],"fullName":"requireApiAuth — bootstrap super-admin invokes bootstrap by default when role === super_admin","status":"passed","title":"invokes bootstrap by default when role === super_admin","duration":0.5330800000001545,"failureMessages":[],"meta":{}},{"ancestorTitles":["requireApiAuth — bootstrap super-admin"],"fullName":"requireApiAuth — bootstrap super-admin does NOT invoke bootstrap by default when role !== super_admin","status":"passed","title":"does NOT invoke bootstrap by default when role !== super_admin","duration":0.6363100000000941,"failureMessages":[],"meta":{}},{"ancestorTitles":["requireApiAuth — bootstrap super-admin"],"fullName":"requireApiAuth — bootstrap super-admin respects bootstrapSuperAdmin: false override","status":"passed","title":"respects bootstrapSuperAdmin: false override","duration":0.3635399999998299,"failureMessages":[],"meta":{}},{"ancestorTitles":["requireApiAuth — bootstrap super-admin"],"fullName":"requireApiAuth — bootstrap super-admin falls through to role check when bootstrap throws","status":"passed","title":"falls through to role check when bootstrap throws","duration":0.5380059999999958,"failureMessages":[],"meta":{}},{"ancestorTitles":["requireApiAuth — rate limiting"],"fullName":"requireApiAuth — rate limiting returns 429 with Retry-After when limiter rejects","status":"passed","title":"returns 429 with Retry-After when limiter rejects","duration":1.8261050000000978,"failureMessages":[],"meta":{}},{"ancestorTitles":["requireApiAuth — rate limiting"],"fullName":"requireApiAuth — rate limiting returns the actor when limiter allows","status":"passed","title":"returns the actor when limiter allows","duration":1.9072459999999865,"failureMessages":[],"meta":{}},{"ancestorTitles":["requireApiAuth — rate limiting"],"fullName":"requireApiAuth — rate limiting never invokes limiter when auth fails (no key leakage)","status":"passed","title":"never invokes limiter when auth fails (no key leakage)","duration":3.7211540000000696,"failureMessages":[],"meta":{}},{"ancestorTitles":["requireApiAuth — rate limiting"],"fullName":"requireApiAuth — rate limiting never invokes limiter when role check fails (limiter is post-authZ)","status":"passed","title":"never invokes limiter when role check fails (limiter is post-authZ)","duration":0.9385560000000623,"failureMessages":[],"meta":{}},{"ancestorTitles":["requireApiAuth — rate limiting"],"fullName":"requireApiAuth — rate limiting returns 429 with default bucket label when none provided","status":"passed","title":"returns 429 with default bucket label when none provided","duration":0.7666429999999309,"failureMessages":[],"meta":{}},{"ancestorTitles":["requireApiAuth — error envelope"],"fullName":"requireApiAuth — error envelope 401 body has stable shape { error, message }","status":"passed","title":"401 body has stable shape { error, message }","duration":4.728739000000132,"failureMessages":[],"meta":{}},{"ancestorTitles":["requireApiAuth — error envelope"],"fullName":"requireApiAuth — error envelope 403 body has stable shape { error, message }","status":"passed","title":"403 body has stable shape { error, message }","duration":0.7539440000000468,"failureMessages":[],"meta":{}},{"ancestorTitles":["requireApiAuth — error envelope"],"fullName":"requireApiAuth — error envelope 429 body has stable shape { error, bucket, retryAfter }","status":"passed","title":"429 body has stable shape { error, bucket, retryAfter }","duration":0.8554139999998824,"failureMessages":[],"meta":{}}],"startTime":1778823291173,"endTime":1778823291209.8555,"status":"passed","message":"","name":"/Users/scottwayman/ANTIGRAVITY/EMR/src/lib/auth/api-gate.test.ts"},{"assertionResults":[{"ancestorTitles":["recordOutcome"],"fullName":"recordOutcome emits a memory write per argument tag on a win","status":"passed","title":"emits a memory write per argument tag on a win","duration":5.259859000000006,"failureMessages":[],"meta":{}},{"ancestorTitles":["recordOutcome"],"fullName":"recordOutcome emits memory writes on losses too (negative learning)","status":"passed","title":"emits memory writes on losses too (negative learning)","duration":0.6165980000000673,"failureMessages":[],"meta":{}},{"ancestorTitles":["recordOutcome"],"fullName":"recordOutcome emits no memory writes for pending / no_response (no signal)","status":"passed","title":"emits no memory writes for pending / no_response (no signal)","duration":0.7095040000000381,"failureMessages":[],"meta":{}},{"ancestorTitles":["recordOutcome"],"fullName":"recordOutcome emits no memory writes when payerId or carcCode is missing","status":"passed","title":"emits no memory writes when payerId or carcCode is missing","duration":0.5546180000000049,"failureMessages":[],"meta":{}},{"ancestorTitles":["rankArguments"],"fullName":"rankArguments returns scores ordered by win rate descending","status":"passed","title":"returns scores ordered by win rate descending","duration":1.752159000000006,"failureMessages":[],"meta":{}},{"ancestorTitles":["rankArguments"],"fullName":"rankArguments falls back to global history when payer-local samples < 3","status":"passed","title":"falls back to global history when payer-local samples < 3","duration":1.003740999999991,"failureMessages":[],"meta":{}},{"ancestorTitles":["rankArguments"],"fullName":"rankArguments returns smoothed score for never-seen arguments (cold start)","status":"passed","title":"returns smoothed score for never-seen arguments (cold start)","duration":0.40694699999994555,"failureMessages":[],"meta":{}},{"ancestorTitles":["winRateByPayer"],"fullName":"winRateByPayer aggregates across results and computes a smoothed-half-win rate","status":"passed","title":"aggregates across results and computes a smoothed-half-win rate","duration":0.9045170000000553,"failureMessages":[],"meta":{}},{"ancestorTitles":["winRateByPayer"],"fullName":"winRateByPayer orders by total volume descending","status":"passed","title":"orders by total volume descending","duration":0.3531789999999546,"failureMessages":[],"meta":{}},{"ancestorTitles":["winRateByCarc"],"fullName":"winRateByCarc ignores rows with null CARC","status":"passed","title":"ignores rows with null CARC","duration":0.8145519999999351,"failureMessages":[],"meta":{}}],"startTime":1778823293580,"endTime":1778823293594.8145,"status":"passed","message":"","name":"/Users/scottwayman/ANTIGRAVITY/EMR/src/lib/billing/appeal-outcomes.test.ts"},{"assertionResults":[{"ancestorTitles":["computeDispensaryRevenue"],"fullName":"computeDispensaryRevenue rolls up gross / net across counted orders","status":"passed","title":"rolls up gross / net across counted orders","duration":3.656500000000051,"failureMessages":[],"meta":{}},{"ancestorTitles":["computeDispensaryRevenue"],"fullName":"computeDispensaryRevenue subtracts refunded orders from net","status":"passed","title":"subtracts refunded orders from net","duration":0.5245059999999739,"failureMessages":[],"meta":{}},{"ancestorTitles":["computeDispensaryRevenue"],"fullName":"computeDispensaryRevenue ignores cancelled and pending orders","status":"passed","title":"ignores cancelled and pending orders","duration":0.45215799999994033,"failureMessages":[],"meta":{}},{"ancestorTitles":["computeDispensaryRevenue"],"fullName":"computeDispensaryRevenue computes margin only for SKUs with unitCostCents","status":"passed","title":"computes margin only for SKUs with unitCostCents","duration":0.6945349999999735,"failureMessages":[],"meta":{}},{"ancestorTitles":["computeDispensaryRevenue"],"fullName":"computeDispensaryRevenue includes inventory snapshot independent of order activity","status":"passed","title":"includes inventory snapshot independent of order activity","duration":0.32159599999999955,"failureMessages":[],"meta":{}},{"ancestorTitles":["computeDispensaryRevenue"],"fullName":"computeDispensaryRevenue ranks top SKUs by net revenue, highest first","status":"passed","title":"ranks top SKUs by net revenue, highest first","duration":0.5012399999999388,"failureMessages":[],"meta":{}},{"ancestorTitles":["formatRevenue"],"fullName":"formatRevenue uses thousand-suffix for >=$1k","status":"passed","title":"uses thousand-suffix for >=$1k","duration":0.30797899999993206,"failureMessages":[],"meta":{}},{"ancestorTitles":["formatRevenue"],"fullName":"formatRevenue falls back to flat dollars below $1k","status":"passed","title":"falls back to flat dollars below $1k","duration":0.25662099999999555,"failureMessages":[],"meta":{}}],"startTime":1778823293587,"endTime":1778823293595.3079,"status":"passed","message":"","name":"/Users/scottwayman/ANTIGRAVITY/EMR/src/lib/billing/dispensary-revenue.test.ts"},{"assertionResults":[{"ancestorTitles":["dispute reason copy"],"fullName":"dispute reason copy provides a label for every reason","status":"passed","title":"provides a label for every reason","duration":4.323413000000073,"failureMessages":[],"meta":{}},{"ancestorTitles":["canTransition"],"fullName":"canTransition allows the standard happy path","status":"passed","title":"allows the standard happy path","duration":1.424158000000034,"failureMessages":[],"meta":{}},{"ancestorTitles":["canTransition"],"fullName":"canTransition blocks moves out of terminal states","status":"passed","title":"blocks moves out of terminal states","duration":0.3930689999999686,"failureMessages":[],"meta":{}},{"ancestorTitles":["canTransition"],"fullName":"canTransition blocks no-op self-transitions","status":"passed","title":"blocks no-op self-transitions","duration":0.26163400000007186,"failureMessages":[],"meta":{}},{"ancestorTitles":["isTerminal"],"fullName":"isTerminal only marks resolved/withdrawn as terminal","status":"passed","title":"only marks resolved/withdrawn as terminal","duration":0.45136700000000474,"failureMessages":[],"meta":{}},{"ancestorTitles":["patientStatusCopy"],"fullName":"patientStatusCopy returns plain-language copy for every status","status":"passed","title":"returns plain-language copy for every status","duration":0.8730499999999211,"failureMessages":[],"meta":{}},{"ancestorTitles":["draftAiResolution"],"fullName":"draftAiResolution includes the statement totals","status":"passed","title":"includes the statement totals","duration":1.076917000000094,"failureMessages":[],"meta":{}},{"ancestorTitles":["draftAiResolution"],"fullName":"draftAiResolution flags identity-concern disputes as P0","status":"passed","title":"flags identity-concern disputes as P0","duration":0.35018400000001293,"failureMessages":[],"meta":{}},{"ancestorTitles":["draftAiResolution"],"fullName":"draftAiResolution includes line items in the summary","status":"passed","title":"includes line items in the summary","duration":2.1133649999999307,"failureMessages":[],"meta":{}},{"ancestorTitles":["classifyMarker"],"fullName":"classifyMarker returns green when in reference range","status":"passed","title":"returns green when in reference range","duration":0.39640000000008513,"failureMessages":[],"meta":{}},{"ancestorTitles":["classifyMarker"],"fullName":"classifyMarker returns yellow for mild deviations","status":"passed","title":"returns yellow for mild deviations","duration":0.23613399999999274,"failureMessages":[],"meta":{}},{"ancestorTitles":["classifyMarker"],"fullName":"classifyMarker returns red for severe deviations (>25% drift)","status":"passed","title":"returns red for severe deviations (>25% drift)","duration":0.2992940000000317,"failureMessages":[],"meta":{}},{"ancestorTitles":["classifyMarker"],"fullName":"classifyMarker respects explicit critical thresholds","status":"passed","title":"respects explicit critical thresholds","duration":0.1911800000000312,"failureMessages":[],"meta":{}},{"ancestorTitles":["classifyMarker"],"fullName":"classifyMarker handles missing reference ranges by returning green","status":"passed","title":"handles missing reference ranges by returning green","duration":0.31953299999997853,"failureMessages":[],"meta":{}},{"ancestorTitles":["classifyPanel"],"fullName":"classifyPanel rolls up to the worst marker","status":"passed","title":"rolls up to the worst marker","duration":0.8784840000000713,"failureMessages":[],"meta":{}},{"ancestorTitles":["classifyPanel"],"fullName":"classifyPanel returns all green when nothing is off","status":"passed","title":"returns all green when nothing is off","duration":0.43986100000006445,"failureMessages":[],"meta":{}},{"ancestorTitles":["suggestForAbnormal"],"fullName":"suggestForAbnormal returns null for green markers","status":"passed","title":"returns null for green markers","duration":0.3392460000000028,"failureMessages":[],"meta":{}},{"ancestorTitles":["suggestForAbnormal"],"fullName":"suggestForAbnormal returns specialized guidance for known markers","status":"passed","title":"returns specialized guidance for known markers","duration":0.32338900000002013,"failureMessages":[],"meta":{}},{"ancestorTitles":["suggestForAbnormal"],"fullName":"suggestForAbnormal falls back to a generic suggestion for unknown markers","status":"passed","title":"falls back to a generic suggestion for unknown markers","duration":0.21395499999994172,"failureMessages":[],"meta":{}}],"startTime":1778823292531,"endTime":1778823292547.3235,"status":"passed","message":"","name":"/Users/scottwayman/ANTIGRAVITY/EMR/src/lib/billing/dispute.test.ts"},{"assertionResults":[{"ancestorTitles":["EligibilityClient — cannabis dx flagging (regression for H-1)"],"fullName":"EligibilityClient — cannabis dx flagging (regression for H-1) flags an F12 cannabis ICD on a 99214 request even though the service code is not cannabis-specific","status":"failed","title":"flags an F12 cannabis ICD on a 99214 request even though the service code is not cannabis-specific","duration":810.745801,"failureMessages":["TypeError: Cannot read properties of undefined (reading 'cannabisDiagnosis')\n    at /Users/scottwayman/ANTIGRAVITY/EMR/src/lib/billing/eligibility-client.test.ts:15:20\n    at file:///Users/scottwayman/ANTIGRAVITY/EMR/node_modules/@vitest/runner/dist/index.js:533:5\n    at runTest (file:///Users/scottwayman/ANTIGRAVITY/EMR/node_modules/@vitest/runner/dist/index.js:1056:11)\n    at runSuite (file:///Users/scottwayman/ANTIGRAVITY/EMR/node_modules/@vitest/runner/dist/index.js:1205:15)\n    at runSuite (file:///Users/scottwayman/ANTIGRAVITY/EMR/node_modules/@vitest/runner/dist/index.js:1205:15)\n    at runFiles (file:///Users/scottwayman/ANTIGRAVITY/EMR/node_modules/@vitest/runner/dist/index.js:1262:5)\n    at startTests (file:///Users/scottwayman/ANTIGRAVITY/EMR/node_modules/@vitest/runner/dist/index.js:1271:3)\n    at file:///Users/scottwayman/ANTIGRAVITY/EMR/node_modules/vitest/dist/chunks/runBaseTests.3qpJUEJM.js:126:11\n    at withEnv (file:///Users/scottwayman/ANTIGRAVITY/EMR/node_modules/vitest/dist/chunks/runBaseTests.3qpJUEJM.js:90:5)\n    at run (file:///Users/scottwayman/ANTIGRAVITY/EMR/node_modules/vitest/dist/chunks/runBaseTests.3qpJUEJM.js:112:3)"],"meta":{}},{"ancestorTitles":["EligibilityClient — cannabis dx flagging (regression for H-1)"],"fullName":"EligibilityClient — cannabis dx flagging (regression for H-1) downgrades the warning when the payer covers cannabis with PA (Aetna)","status":"failed","title":"downgrades the warning when the payer covers cannabis with PA (Aetna)","duration":801.9906589999998,"failureMessages":["TypeError: Cannot read properties of undefined (reading 'cannabisDiagnosis')\n    at /Users/scottwayman/ANTIGRAVITY/EMR/src/lib/billing/eligibility-client.test.ts:28:20\n    at file:///Users/scottwayman/ANTIGRAVITY/EMR/node_modules/@vitest/runner/dist/index.js:533:5\n    at runTest (file:///Users/scottwayman/ANTIGRAVITY/EMR/node_modules/@vitest/runner/dist/index.js:1056:11)\n    at runSuite (file:///Users/scottwayman/ANTIGRAVITY/EMR/node_modules/@vitest/runner/dist/index.js:1205:15)\n    at runSuite (file:///Users/scottwayman/ANTIGRAVITY/EMR/node_modules/@vitest/runner/dist/index.js:1205:15)\n    at runFiles (file:///Users/scottwayman/ANTIGRAVITY/EMR/node_modules/@vitest/runner/dist/index.js:1262:5)\n    at startTests (file:///Users/scottwayman/ANTIGRAVITY/EMR/node_modules/@vitest/runner/dist/index.js:1271:3)\n    at file:///Users/scottwayman/ANTIGRAVITY/EMR/node_modules/vitest/dist/chunks/runBaseTests.3qpJUEJM.js:126:11\n    at withEnv (file:///Users/scottwayman/ANTIGRAVITY/EMR/node_modules/vitest/dist/chunks/runBaseTests.3qpJUEJM.js:90:5)\n    at run (file:///Users/scottwayman/ANTIGRAVITY/EMR/node_modules/vitest/dist/chunks/runBaseTests.3qpJUEJM.js:112:3)"],"meta":{}},{"ancestorTitles":["EligibilityClient — cannabis dx flagging (regression for H-1)"],"fullName":"EligibilityClient — cannabis dx flagging (regression for H-1) returns no cannabis warnings on a plain pain claim with no cannabis dx","status":"failed","title":"returns no cannabis warnings on a plain pain claim with no cannabis dx","duration":801.7333049999997,"failureMessages":["TypeError: Cannot read properties of undefined (reading 'cannabisDiagnosis')\n    at /Users/scottwayman/ANTIGRAVITY/EMR/src/lib/billing/eligibility-client.test.ts:41:20\n    at file:///Users/scottwayman/ANTIGRAVITY/EMR/node_modules/@vitest/runner/dist/index.js:533:5\n    at runTest (file:///Users/scottwayman/ANTIGRAVITY/EMR/node_modules/@vitest/runner/dist/index.js:1056:11)\n    at runSuite (file:///Users/scottwayman/ANTIGRAVITY/EMR/node_modules/@vitest/runner/dist/index.js:1205:15)\n    at runSuite (file:///Users/scottwayman/ANTIGRAVITY/EMR/node_modules/@vitest/runner/dist/index.js:1205:15)\n    at runFiles (file:///Users/scottwayman/ANTIGRAVITY/EMR/node_modules/@vitest/runner/dist/index.js:1262:5)\n    at startTests (file:///Users/scottwayman/ANTIGRAVITY/EMR/node_modules/@vitest/runner/dist/index.js:1271:3)\n    at file:///Users/scottwayman/ANTIGRAVITY/EMR/node_modules/vitest/dist/chunks/runBaseTests.3qpJUEJM.js:126:11\n    at withEnv (file:///Users/scottwayman/ANTIGRAVITY/EMR/node_modules/vitest/dist/chunks/runBaseTests.3qpJUEJM.js:90:5)\n    at run (file:///Users/scottwayman/ANTIGRAVITY/EMR/node_modules/vitest/dist/chunks/runBaseTests.3qpJUEJM.js:112:3)"],"meta":{}},{"ancestorTitles":["EligibilityClient — cannabis dx flagging (regression for H-1)"],"fullName":"EligibilityClient — cannabis dx flagging (regression for H-1) keeps the legacy CPT-driven warning for S0339 even with no dx supplied","status":"failed","title":"keeps the legacy CPT-driven warning for S0339 even with no dx supplied","duration":801.7154469999996,"failureMessages":["TypeError: Cannot read properties of undefined (reading 'cannabisServiceCode')\n    at /Users/scottwayman/ANTIGRAVITY/EMR/src/lib/billing/eligibility-client.test.ts:53:20\n    at file:///Users/scottwayman/ANTIGRAVITY/EMR/node_modules/@vitest/runner/dist/index.js:533:5\n    at runTest (file:///Users/scottwayman/ANTIGRAVITY/EMR/node_modules/@vitest/runner/dist/index.js:1056:11)\n    at runSuite (file:///Users/scottwayman/ANTIGRAVITY/EMR/node_modules/@vitest/runner/dist/index.js:1205:15)\n    at runSuite (file:///Users/scottwayman/ANTIGRAVITY/EMR/node_modules/@vitest/runner/dist/index.js:1205:15)\n    at runFiles (file:///Users/scottwayman/ANTIGRAVITY/EMR/node_modules/@vitest/runner/dist/index.js:1262:5)\n    at startTests (file:///Users/scottwayman/ANTIGRAVITY/EMR/node_modules/@vitest/runner/dist/index.js:1271:3)\n    at file:///Users/scottwayman/ANTIGRAVITY/EMR/node_modules/vitest/dist/chunks/runBaseTests.3qpJUEJM.js:126:11\n    at withEnv (file:///Users/scottwayman/ANTIGRAVITY/EMR/node_modules/vitest/dist/chunks/runBaseTests.3qpJUEJM.js:90:5)\n    at run (file:///Users/scottwayman/ANTIGRAVITY/EMR/node_modules/vitest/dist/chunks/runBaseTests.3qpJUEJM.js:112:3)"],"meta":{}},{"ancestorTitles":["EligibilityClient — cannabis dx flagging (regression for H-1)"],"fullName":"EligibilityClient — cannabis dx flagging (regression for H-1) flags Z79.891 (long-term cannabis use) as a cannabis dx","status":"failed","title":"flags Z79.891 (long-term cannabis use) as a cannabis dx","duration":801.5196919999998,"failureMessages":["TypeError: Cannot read properties of undefined (reading 'cannabisDiagnosis')\n    at /Users/scottwayman/ANTIGRAVITY/EMR/src/lib/billing/eligibility-client.test.ts:66:20\n    at file:///Users/scottwayman/ANTIGRAVITY/EMR/node_modules/@vitest/runner/dist/index.js:533:5\n    at runTest (file:///Users/scottwayman/ANTIGRAVITY/EMR/node_modules/@vitest/runner/dist/index.js:1056:11)\n    at runSuite (file:///Users/scottwayman/ANTIGRAVITY/EMR/node_modules/@vitest/runner/dist/index.js:1205:15)\n    at runSuite (file:///Users/scottwayman/ANTIGRAVITY/EMR/node_modules/@vitest/runner/dist/index.js:1205:15)\n    at runFiles (file:///Users/scottwayman/ANTIGRAVITY/EMR/node_modules/@vitest/runner/dist/index.js:1262:5)\n    at startTests (file:///Users/scottwayman/ANTIGRAVITY/EMR/node_modules/@vitest/runner/dist/index.js:1271:3)\n    at file:///Users/scottwayman/ANTIGRAVITY/EMR/node_modules/vitest/dist/chunks/runBaseTests.3qpJUEJM.js:126:11\n    at withEnv (file:///Users/scottwayman/ANTIGRAVITY/EMR/node_modules/vitest/dist/chunks/runBaseTests.3qpJUEJM.js:90:5)\n    at run (file:///Users/scottwayman/ANTIGRAVITY/EMR/node_modules/vitest/dist/chunks/runBaseTests.3qpJUEJM.js:112:3)"],"meta":{}}],"startTime":1778823298083,"endTime":1778823302101.5198,"status":"failed","message":"","name":"/Users/scottwayman/ANTIGRAVITY/EMR/src/lib/billing/eligibility-client.test.ts"},{"assertionResults":[{"ancestorTitles":["tokenizeSegments"],"fullName":"tokenizeSegments splits on the auto-detected segment delimiter","status":"passed","title":"splits on the auto-detected segment delimiter","duration":3.4518659999998818,"failureMessages":[],"meta":{}},{"ancestorTitles":["tokenizeSegments"],"fullName":"tokenizeSegments handles newline-delimited 835 (CMS sample format)","status":"passed","title":"handles newline-delimited 835 (CMS sample format)","duration":1.379071999999951,"failureMessages":[],"meta":{}},{"ancestorTitles":["parseEra835"],"fullName":"parseEra835 parses a minimal 835 into a structured payload","status":"passed","title":"parses a minimal 835 into a structured payload","duration":4.21554100000003,"failureMessages":[],"meta":{}},{"ancestorTitles":["parseEra835"],"fullName":"parseEra835 captures every adjustment under each service line","status":"passed","title":"captures every adjustment under each service line","duration":1.384610000000066,"failureMessages":[],"meta":{}},{"ancestorTitles":["parseEra835"],"fullName":"parseEra835 captures PLB provider-level adjustments","status":"passed","title":"captures PLB provider-level adjustments","duration":0.8570850000000974,"failureMessages":[],"meta":{}},{"ancestorTitles":["parseEra835"],"fullName":"parseEra835 flips the sign on reversal status codes (19/20/21/22)","status":"passed","title":"flips the sign on reversal status codes (19/20/21/22)","duration":0.6206529999999475,"failureMessages":[],"meta":{}},{"ancestorTitles":["parseEra835"],"fullName":"parseEra835 throws Era835ParseError when TRN trace is missing","status":"passed","title":"throws Era835ParseError when TRN trace is missing","duration":0.8505589999999756,"failureMessages":[],"meta":{}},{"ancestorTitles":["parseEra835"],"fullName":"parseEra835 throws on empty payload","status":"passed","title":"throws on empty payload","duration":0.4427169999999023,"failureMessages":[],"meta":{}},{"ancestorTitles":["hashEraPayload"],"fullName":"hashEraPayload produces stable hashes ignoring whitespace differences","status":"passed","title":"produces stable hashes ignoring whitespace differences","duration":1.2415220000000318,"failureMessages":[],"meta":{}},{"ancestorTitles":["hashEraPayload"],"fullName":"hashEraPayload produces different hashes for different content","status":"passed","title":"produces different hashes for different content","duration":0.6862630000000536,"failureMessages":[],"meta":{}},{"ancestorTitles":["parseJsonEra"],"fullName":"parseJsonEra normalizes a commercial-gateway JSON envelope to the same shape","status":"passed","title":"normalizes a commercial-gateway JSON envelope to the same shape","duration":1.092337999999927,"failureMessages":[],"meta":{}},{"ancestorTitles":["parseJsonEra"],"fullName":"parseJsonEra throws when required fields are missing","status":"passed","title":"throws when required fields are missing","duration":0.3550829999999223,"failureMessages":[],"meta":{}},{"ancestorTitles":["reconcileEraTotals"],"fullName":"reconcileEraTotals balances when claim_sum - PLB_sum == BPR within tolerance","status":"passed","title":"balances when claim_sum - PLB_sum == BPR within tolerance","duration":0.6014449999997851,"failureMessages":[],"meta":{}},{"ancestorTitles":["reconcileEraTotals"],"fullName":"reconcileEraTotals flags variance with a human-readable message","status":"passed","title":"flags variance with a human-readable message","duration":0.6155730000000403,"failureMessages":[],"meta":{}}],"startTime":1778823291070,"endTime":1778823291089.6155,"status":"passed","message":"","name":"/Users/scottwayman/ANTIGRAVITY/EMR/src/lib/billing/era-parser.test.ts"},{"assertionResults":[{"ancestorTitles":["isValidNpi (CMS Luhn)"],"fullName":"isValidNpi (CMS Luhn) accepts CMS reference NPIs","status":"passed","title":"accepts CMS reference NPIs","duration":2.369183000000021,"failureMessages":[],"meta":{}},{"ancestorTitles":["isValidNpi (CMS Luhn)"],"fullName":"isValidNpi (CMS Luhn) rejects bad checksums","status":"passed","title":"rejects bad checksums","duration":0.5308449999999993,"failureMessages":[],"meta":{}},{"ancestorTitles":["isValidNpi (CMS Luhn)"],"fullName":"isValidNpi (CMS Luhn) handles formatting / null","status":"passed","title":"handles formatting / null","duration":0.5688740000000507,"failureMessages":[],"meta":{}},{"ancestorTitles":["isValidEin"],"fullName":"isValidEin requires the NN-NNNNNNN format","status":"passed","title":"requires the NN-NNNNNNN format","duration":0.6237270000001445,"failureMessages":[],"meta":{}},{"ancestorTitles":["normalizeEin"],"fullName":"normalizeEin strips the hyphen and any non-digits","status":"passed","title":"strips the hyphen and any non-digits","duration":0.3865089999999327,"failureMessages":[],"meta":{}},{"ancestorTitles":["einPrefixIsPlausible"],"fullName":"einPrefixIsPlausible flags never-issued IRS prefixes","status":"passed","title":"flags never-issued IRS prefixes","duration":0.49795399999993606,"failureMessages":[],"meta":{}},{"ancestorTitles":["einPrefixIsPlausible"],"fullName":"einPrefixIsPlausible accepts in-use prefixes","status":"passed","title":"accepts in-use prefixes","duration":0.44541700000013407,"failureMessages":[],"meta":{}},{"ancestorTitles":["parseProviderNpiCsv"],"fullName":"parseProviderNpiCsv parses valid rows + flags malformed NPIs","status":"passed","title":"parses valid rows + flags malformed NPIs","duration":5.335448999999926,"failureMessages":[],"meta":{}},{"ancestorTitles":["parseProviderNpiCsv"],"fullName":"parseProviderNpiCsv requires the header row","status":"passed","title":"requires the header row","duration":0.49311099999999897,"failureMessages":[],"meta":{}},{"ancestorTitles":["encrypt/decrypt round trip"],"fullName":"encrypt/decrypt round trip recovers the plaintext","status":"passed","title":"recovers the plaintext","duration":2.3216440000001057,"failureMessages":[],"meta":{}},{"ancestorTitles":["encrypt/decrypt round trip"],"fullName":"encrypt/decrypt round trip rejects tampered ciphertext","status":"passed","title":"rejects tampered ciphertext","duration":1.8426719999999932,"failureMessages":[],"meta":{}},{"ancestorTitles":["parseBillingAddress"],"fullName":"parseBillingAddress normalizes state and postal code","status":"passed","title":"normalizes state and postal code","duration":0.4889689999999973,"failureMessages":[],"meta":{}},{"ancestorTitles":["parseBillingAddress"],"fullName":"parseBillingAddress returns null on missing fields","status":"passed","title":"returns null on missing fields","duration":0.348653000000013,"failureMessages":[],"meta":{}},{"ancestorTitles":["scrapeNpiFromBio"],"fullName":"scrapeNpiFromBio finds a labelled valid NPI","status":"passed","title":"finds a labelled valid NPI","duration":0.39252799999985655,"failureMessages":[],"meta":{}},{"ancestorTitles":["scrapeNpiFromBio"],"fullName":"scrapeNpiFromBio rejects bio NPIs that fail Luhn","status":"passed","title":"rejects bio NPIs that fail Luhn","duration":0.3102280000000519,"failureMessages":[],"meta":{}},{"ancestorTitles":["resolveBillingIdentifiers — three-tier cascade"],"fullName":"resolveBillingIdentifiers — three-tier cascade prefers DB billing NPI","status":"passed","title":"prefers DB billing NPI","duration":0.6787140000001273,"failureMessages":[],"meta":{}},{"ancestorTitles":["resolveBillingIdentifiers — three-tier cascade"],"fullName":"resolveBillingIdentifiers — three-tier cascade falls back to env NPI when DB is empty","status":"passed","title":"falls back to env NPI when DB is empty","duration":0.4160100000001421,"failureMessages":[],"meta":{}},{"ancestorTitles":["resolveBillingIdentifiers — three-tier cascade"],"fullName":"resolveBillingIdentifiers — three-tier cascade scrapes provider bio as last resort","status":"passed","title":"scrapes provider bio as last resort","duration":0.4247129999998833,"failureMessages":[],"meta":{}},{"ancestorTitles":["resolveBillingIdentifiers — three-tier cascade"],"fullName":"resolveBillingIdentifiers — three-tier cascade throws when no NPI is available anywhere","status":"passed","title":"throws when no NPI is available anywhere","duration":0.6073910000000069,"failureMessages":[],"meta":{}},{"ancestorTitles":["resolveBillingIdentifiers — three-tier cascade"],"fullName":"resolveBillingIdentifiers — three-tier cascade throws when no address is available","status":"passed","title":"throws when no address is available","duration":0.7987789999999677,"failureMessages":[],"meta":{}},{"ancestorTitles":["normalizeNpi"],"fullName":"normalizeNpi strips formatting and caps at 10 digits","status":"passed","title":"strips formatting and caps at 10 digits","duration":0.681430999999975,"failureMessages":[],"meta":{}}],"startTime":1778823292683,"endTime":1778823292705.6814,"status":"passed","message":"","name":"/Users/scottwayman/ANTIGRAVITY/EMR/src/lib/billing/identifiers.test.ts"},{"assertionResults":[{"ancestorTitles":["parseBankCsv"],"fullName":"parseBankCsv parses a header-mapped CSV with date + amount","status":"passed","title":"parses a header-mapped CSV with date + amount","duration":12.576862000000006,"failureMessages":[],"meta":{}},{"ancestorTitles":["parseBankCsv"],"fullName":"parseBankCsv skips negative amounts (debits) and reports unparseable rows","status":"passed","title":"skips negative amounts (debits) and reports unparseable rows","duration":1.0405749999999898,"failureMessages":[],"meta":{}},{"ancestorTitles":["parseBankCsv"],"fullName":"parseBankCsv synthesizes a bankReference when none provided","status":"passed","title":"synthesizes a bankReference when none provided","duration":0.5883029999999962,"failureMessages":[],"meta":{}},{"ancestorTitles":["parseBai2"],"fullName":"parseBai2 extracts deposit credits (1xx type codes) with the group date","status":"passed","title":"extracts deposit credits (1xx type codes) with the group date","duration":1.5207020000000284,"failureMessages":[],"meta":{}},{"ancestorTitles":["parseBai2"],"fullName":"parseBai2 ignores debit type codes (4xx)","status":"passed","title":"ignores debit type codes (4xx)","duration":0.6846659999999929,"failureMessages":[],"meta":{}},{"ancestorTitles":["parseOfx"],"fullName":"parseOfx extracts CREDIT STMTTRN blocks","status":"passed","title":"extracts CREDIT STMTTRN blocks","duration":5.387023999999997,"failureMessages":[],"meta":{}},{"ancestorTitles":["matchDeposit"],"fullName":"matchDeposit exact match wins outright when one candidate equals the deposit","status":"passed","title":"exact match wins outright when one candidate equals the deposit","duration":6.366297000000031,"failureMessages":[],"meta":{}},{"ancestorTitles":["matchDeposit"],"fullName":"matchDeposit greedy multi-piece fill when no single exact match","status":"passed","title":"greedy multi-piece fill when no single exact match","duration":0.8017460000000938,"failureMessages":[],"meta":{}},{"ancestorTitles":["matchDeposit"],"fullName":"matchDeposit partial match when greedy can't fill within tolerance","status":"passed","title":"partial match when greedy can't fill within tolerance","duration":0.9591270000000804,"failureMessages":[],"meta":{}},{"ancestorTitles":["matchDeposit"],"fullName":"matchDeposit unmatched when no candidates fall in the date window","status":"passed","title":"unmatched when no candidates fall in the date window","duration":1.096542999999997,"failureMessages":[],"meta":{}},{"ancestorTitles":["matchDeposit"],"fullName":"matchDeposit respects a custom date window","status":"passed","title":"respects a custom date window","duration":0.3721689999999853,"failureMessages":[],"meta":{}},{"ancestorTitles":["matchDeposit"],"fullName":"matchDeposit absorbs sub-tolerance variance into a clean match","status":"passed","title":"absorbs sub-tolerance variance into a clean match","duration":0.44293499999992036,"failureMessages":[],"meta":{}}],"startTime":1778823293463,"endTime":1778823293496.4429,"status":"passed","message":"","name":"/Users/scottwayman/ANTIGRAVITY/EMR/src/lib/billing/lockbox.test.ts"},{"assertionResults":[{"ancestorTitles":["extractInsuranceFromOcr"],"fullName":"extractInsuranceFromOcr extracts payer + member id + group from a typical insurance card scan","status":"passed","title":"extracts payer + member id + group from a typical insurance card scan","duration":9.347295999999915,"failureMessages":[],"meta":{}},{"ancestorTitles":["extractInsuranceFromOcr"],"fullName":"extractInsuranceFromOcr detects EOB document type","status":"passed","title":"detects EOB document type","duration":7.1021220000000085,"failureMessages":[],"meta":{}},{"ancestorTitles":["extractInsuranceFromOcr"],"fullName":"extractInsuranceFromOcr extracts Rx BIN/PCN when present","status":"passed","title":"extracts Rx BIN/PCN when present","duration":3.247532999999976,"failureMessages":[],"meta":{}},{"ancestorTitles":["extractInsuranceFromOcr"],"fullName":"extractInsuranceFromOcr returns nulls when fields are missing","status":"passed","title":"returns nulls when fields are missing","duration":2.4380630000000565,"failureMessages":[],"meta":{}},{"ancestorTitles":["crossCheckCoverage"],"fullName":"crossCheckCoverage flags exact match when scanned values agree with on-file","status":"passed","title":"flags exact match when scanned values agree with on-file","duration":4.068969000000038,"failureMessages":[],"meta":{}},{"ancestorTitles":["crossCheckCoverage"],"fullName":"crossCheckCoverage flags member id mismatch when only one digit changes","status":"passed","title":"flags member id mismatch when only one digit changes","duration":1.1532310000000052,"failureMessages":[],"meta":{}},{"ancestorTitles":["crossCheckCoverage"],"fullName":"crossCheckCoverage flags new coverage when payer is not on file","status":"passed","title":"flags new coverage when payer is not on file","duration":0.9328760000000784,"failureMessages":[],"meta":{}},{"ancestorTitles":["crossCheckCoverage"],"fullName":"crossCheckCoverage returns low confidence when too few fields are extractable","status":"passed","title":"returns low confidence when too few fields are extractable","duration":0.9159450000000788,"failureMessages":[],"meta":{}},{"ancestorTitles":["crossCheckCoverage"],"fullName":"crossCheckCoverage ignores dash differences when comparing group numbers","status":"passed","title":"ignores dash differences when comparing group numbers","duration":1.409255999999914,"failureMessages":[],"meta":{}},{"ancestorTitles":["summarizeCrossCheck"],"fullName":"summarizeCrossCheck returns positive copy when match is exact","status":"passed","title":"returns positive copy when match is exact","duration":5.39186200000006,"failureMessages":[],"meta":{}},{"ancestorTitles":["summarizeCrossCheck"],"fullName":"summarizeCrossCheck identifies new coverage in the summary","status":"passed","title":"identifies new coverage in the summary","duration":0.4516009999999824,"failureMessages":[],"meta":{}}],"startTime":1778823295561,"endTime":1778823295598.4517,"status":"passed","message":"","name":"/Users/scottwayman/ANTIGRAVITY/EMR/src/lib/billing/mail-fax-ocr.test.ts"},{"assertionResults":[{"ancestorTitles":["quarter helpers"],"fullName":"quarter helpers quarterFromDate","status":"passed","title":"quarterFromDate","duration":5.954056000000037,"failureMessages":[],"meta":{}},{"ancestorTitles":["quarter helpers"],"fullName":"quarter helpers quarterToStartDate round-trips","status":"passed","title":"quarterToStartDate round-trips","duration":1.024643999999853,"failureMessages":[],"meta":{}},{"ancestorTitles":["quarter helpers"],"fullName":"quarter helpers rejects bad quarter strings","status":"passed","title":"rejects bad quarter strings","duration":1.9933240000000296,"failureMessages":[],"meta":{}},{"ancestorTitles":["parseCsv"],"fullName":"parseCsv handles quoted commas","status":"passed","title":"handles quoted commas","duration":2.6454349999999067,"failureMessages":[],"meta":{}},{"ancestorTitles":["parseCsv"],"fullName":"parseCsv handles escaped quotes inside quoted fields","status":"passed","title":"handles escaped quotes inside quoted fields","duration":0.5880269999997836,"failureMessages":[],"meta":{}},{"ancestorTitles":["parseCsv"],"fullName":"parseCsv handles CRLF line endings","status":"passed","title":"handles CRLF line endings","duration":0.524989000000005,"failureMessages":[],"meta":{}},{"ancestorTitles":["parseCmsDate"],"fullName":"parseCmsDate parses MM/DD/YYYY as UTC","status":"passed","title":"parses MM/DD/YYYY as UTC","duration":4.826324999999997,"failureMessages":[],"meta":{}},{"ancestorTitles":["parseCmsDate"],"fullName":"parseCmsDate returns null on blank or asterisk","status":"passed","title":"returns null on blank or asterisk","duration":1.4255800000000818,"failureMessages":[],"meta":{}},{"ancestorTitles":["parseNcciRow"],"fullName":"parseNcciRow maps fields by header position","status":"passed","title":"maps fields by header position","duration":1.6839740000000347,"failureMessages":[],"meta":{}},{"ancestorTitles":["parseNcciRow"],"fullName":"parseNcciRow throws on missing required codes","status":"passed","title":"throws on missing required codes","duration":1.169349000000011,"failureMessages":[],"meta":{}},{"ancestorTitles":["parseMueRow"],"fullName":"parseMueRow maps fields by header position","status":"passed","title":"maps fields by header position","duration":1.8829360000001998,"failureMessages":[],"meta":{}},{"ancestorTitles":["parseMueRow"],"fullName":"parseMueRow throws on missing units","status":"passed","title":"throws on missing units","duration":0.5807890000000953,"failureMessages":[],"meta":{}}],"startTime":1778823297689,"endTime":1778823297714.5808,"status":"passed","message":"","name":"/Users/scottwayman/ANTIGRAVITY/EMR/src/lib/billing/ncci-mue.test.ts"},{"assertionResults":[{"ancestorTitles":["generateStatementNumber"],"fullName":"generateStatementNumber formats STMT-YYYYMMDD-SEQ with zero-padded sequence","status":"passed","title":"formats STMT-YYYYMMDD-SEQ with zero-padded sequence","duration":2.44902100000013,"failureMessages":[],"meta":{}},{"ancestorTitles":["decideCadence"],"fullName":"decideCadence skips when balance is zero","status":"passed","title":"skips when balance is zero","duration":0.7269270000001598,"failureMessages":[],"meta":{}},{"ancestorTitles":["decideCadence"],"fullName":"decideCadence skips during the 30-day grace window","status":"passed","title":"skips during the 30-day grace window","duration":0.7983630000001085,"failureMessages":[],"meta":{}},{"ancestorTitles":["decideCadence"],"fullName":"decideCadence issues the first statement after grace","status":"passed","title":"issues the first statement after grace","duration":0.5381870000001072,"failureMessages":[],"meta":{}},{"ancestorTitles":["decideCadence"],"fullName":"decideCadence waits 30d between cycles","status":"passed","title":"waits 30d between cycles","duration":0.37837400000012167,"failureMessages":[],"meta":{}},{"ancestorTitles":["decideCadence"],"fullName":"decideCadence issues a monthly statement after 30d","status":"passed","title":"issues a monthly statement after 30d","duration":0.36716500000011365,"failureMessages":[],"meta":{}},{"ancestorTitles":["decideCadence"],"fullName":"decideCadence escalates to final_notice past 90d from first responsibility","status":"passed","title":"escalates to final_notice past 90d from first responsibility","duration":0.37662199999999757,"failureMessages":[],"meta":{}},{"ancestorTitles":["decideCadence"],"fullName":"decideCadence skips when on a payment plan","status":"passed","title":"skips when on a payment plan","duration":0.36814000000003944,"failureMessages":[],"meta":{}},{"ancestorTitles":["aggregateStatement"],"fullName":"aggregateStatement computes amount_due as charges + prior - insurance - adjustments - paid","status":"passed","title":"computes amount_due as charges + prior - insurance - adjustments - paid","duration":0.5617919999999685,"failureMessages":[],"meta":{}},{"ancestorTitles":["aggregateStatement"],"fullName":"aggregateStatement clamps negative amount_due to zero (credits roll forward, never refunds here)","status":"passed","title":"clamps negative amount_due to zero (credits roll forward, never refunds here)","duration":0.34127200000011726,"failureMessages":[],"meta":{}},{"ancestorTitles":["defaultPlainLanguageSummary"],"fullName":"defaultPlainLanguageSummary returns a paid-in-full short-form when amount_due is zero","status":"passed","title":"returns a paid-in-full short-form when amount_due is zero","duration":90.77089699999988,"failureMessages":[],"meta":{}},{"ancestorTitles":["defaultPlainLanguageSummary"],"fullName":"defaultPlainLanguageSummary includes the four key amounts in the summary","status":"passed","title":"includes the four key amounts in the summary","duration":1.510033999999905,"failureMessages":[],"meta":{}}],"startTime":1778823294713,"endTime":1778823294813.51,"status":"passed","message":"","name":"/Users/scottwayman/ANTIGRAVITY/EMR/src/lib/billing/patient-statements.test.ts"},{"assertionResults":[{"ancestorTitles":["findEffectiveContract"],"fullName":"findEffectiveContract picks the contract whose effective window covers the DOS","status":"passed","title":"picks the contract whose effective window covers the DOS","duration":5.7264430000000175,"failureMessages":[],"meta":{}},{"ancestorTitles":["findEffectiveContract"],"fullName":"findEffectiveContract prefers the latest effectiveStart when multiple contracts cover the DOS","status":"passed","title":"prefers the latest effectiveStart when multiple contracts cover the DOS","duration":0.476319999999987,"failureMessages":[],"meta":{}},{"ancestorTitles":["findEffectiveContract"],"fullName":"findEffectiveContract returns null when no contract covers the DOS","status":"passed","title":"returns null when no contract covers the DOS","duration":0.3971569999999929,"failureMessages":[],"meta":{}},{"ancestorTitles":["findEffectiveContract"],"fullName":"findEffectiveContract ignores inactive contracts even if dates would otherwise match","status":"passed","title":"ignores inactive contracts even if dates would otherwise match","duration":0.32493699999997716,"failureMessages":[],"meta":{}},{"ancestorTitles":["lookupContractRate"],"fullName":"lookupContractRate matches modifier-specific rates first when billed with that modifier","status":"passed","title":"matches modifier-specific rates first when billed with that modifier","duration":0.6522190000000592,"failureMessages":[],"meta":{}},{"ancestorTitles":["lookupContractRate"],"fullName":"lookupContractRate falls back to the base rate when modifier-specific not on file","status":"passed","title":"falls back to the base rate when modifier-specific not on file","duration":0.4274110000000064,"failureMessages":[],"meta":{}},{"ancestorTitles":["lookupContractRate"],"fullName":"lookupContractRate returns null for CPTs not in the contract","status":"passed","title":"returns null for CPTs not in the contract","duration":0.2949979999999641,"failureMessages":[],"meta":{}},{"ancestorTitles":["evaluateUnderpayment"],"fullName":"evaluateUnderpayment flags allowed amounts under the 95% threshold","status":"passed","title":"flags allowed amounts under the 95% threshold","duration":0.6397200000000112,"failureMessages":[],"meta":{}},{"ancestorTitles":["evaluateUnderpayment"],"fullName":"evaluateUnderpayment does not flag when within threshold","status":"passed","title":"does not flag when within threshold","duration":0.5042980000000625,"failureMessages":[],"meta":{}},{"ancestorTitles":["evaluateUnderpayment"],"fullName":"evaluateUnderpayment returns no-contract reason when contract is null","status":"passed","title":"returns no-contract reason when contract is null","duration":0.7919110000000273,"failureMessages":[],"meta":{}},{"ancestorTitles":["evaluateUnderpayment"],"fullName":"evaluateUnderpayment returns no-rate reason when CPT not on file","status":"passed","title":"returns no-rate reason when CPT not on file","duration":0.5711900000000014,"failureMessages":[],"meta":{}},{"ancestorTitles":["evaluateUnderpayment"],"fullName":"evaluateUnderpayment respects custom thresholds","status":"passed","title":"respects custom thresholds","duration":0.6661000000000286,"failureMessages":[],"meta":{}},{"ancestorTitles":["parseContractCsv"],"fullName":"parseContractCsv parses a header-prefixed CSV","status":"passed","title":"parses a header-prefixed CSV","duration":7.216411999999991,"failureMessages":[],"meta":{}},{"ancestorTitles":["parseContractCsv"],"fullName":"parseContractCsv ignores blank and comment lines","status":"passed","title":"ignores blank and comment lines","duration":0.7722300000000359,"failureMessages":[],"meta":{}},{"ancestorTitles":["parseContractCsv"],"fullName":"parseContractCsv reports invalid rows without aborting","status":"passed","title":"reports invalid rows without aborting","duration":0.9441590000000133,"failureMessages":[],"meta":{}}],"startTime":1778823294561,"endTime":1778823294583.944,"status":"passed","message":"","name":"/Users/scottwayman/ANTIGRAVITY/EMR/src/lib/billing/payer-contracts.test.ts"},{"assertionResults":[{"ancestorTitles":["aggregateClose"],"fullName":"aggregateClose counts claim transitions on the close date only","status":"passed","title":"counts claim transitions on the close date only","duration":7.592543999999862,"failureMessages":[],"meta":{}},{"ancestorTitles":["aggregateClose"],"fullName":"aggregateClose rolls AR buckets straight through","status":"passed","title":"rolls AR buckets straight through","duration":0.5670439999998962,"failureMessages":[],"meta":{}},{"ancestorTitles":["aggregateClose"],"fullName":"aggregateClose counts written_off claims by closureType","status":"passed","title":"counts written_off claims by closureType","duration":0.40510199999994256,"failureMessages":[],"meta":{}},{"ancestorTitles":["findExceptions"],"fullName":"findExceptions flags claims submitted > 30d ago without adjudication","status":"passed","title":"flags claims submitted > 30d ago without adjudication","duration":0.4147089999999025,"failureMessages":[],"meta":{}},{"ancestorTitles":["findExceptions"],"fullName":"findExceptions flags unmatched / variance bank deposits","status":"passed","title":"flags unmatched / variance bank deposits","duration":1.1741609999999127,"failureMessages":[],"meta":{}},{"ancestorTitles":["findExceptions"],"fullName":"findExceptions flags appeals submitted > 45d ago with no response","status":"passed","title":"flags appeals submitted > 45d ago with no response","duration":0.5067959999998948,"failureMessages":[],"meta":{}},{"ancestorTitles":["dailyDigestText"],"fullName":"dailyDigestText includes activity, money, AR, and exception sections","status":"passed","title":"includes activity, money, AR, and exception sections","duration":83.125043,"failureMessages":[],"meta":{}},{"ancestorTitles":["dailyDigestText"],"fullName":"dailyDigestText lists up to 20 exceptions then summarises the remainder","status":"passed","title":"lists up to 20 exceptions then summarises the remainder","duration":2.2049469999999474,"failureMessages":[],"meta":{}}],"startTime":1778823293747,"endTime":1778823293843.2048,"status":"passed","message":"","name":"/Users/scottwayman/ANTIGRAVITY/EMR/src/lib/billing/rcm-daily-close.test.ts"},{"assertionResults":[{"ancestorTitles":["scrubClaim — NCCI mod-25 placement (regression for C-1)"],"fullName":"scrubClaim — NCCI mod-25 placement (regression for C-1) PASSES a 99214+99406 claim when mod-25 is on the E/M code","status":"failed","title":"PASSES a 99214+99406 claim when mod-25 is on the E/M code","duration":22.382775000000038,"failureMessages":["AssertionError: expected [ { …(6) } ] to have a length of +0 but got 1\n    at Proxy.<anonymous> (file:///Users/scottwayman/ANTIGRAVITY/EMR/node_modules/@vitest/expect/dist/index.js:1339:22)\n    at Proxy.<anonymous> (file:///Users/scottwayman/ANTIGRAVITY/EMR/node_modules/@vitest/expect/dist/index.js:972:17)\n    at Proxy.methodWrapper (file:///Users/scottwayman/ANTIGRAVITY/EMR/node_modules/chai/index.js:1686:25)\n    at /Users/scottwayman/ANTIGRAVITY/EMR/src/lib/billing/scrub.test.ts:32:70\n    at file:///Users/scottwayman/ANTIGRAVITY/EMR/node_modules/@vitest/runner/dist/index.js:146:14\n    at file:///Users/scottwayman/ANTIGRAVITY/EMR/node_modules/@vitest/runner/dist/index.js:533:11\n    at runWithTimeout (file:///Users/scottwayman/ANTIGRAVITY/EMR/node_modules/@vitest/runner/dist/index.js:39:7)\n    at runTest (file:///Users/scottwayman/ANTIGRAVITY/EMR/node_modules/@vitest/runner/dist/index.js:1056:17)\n    at processTicksAndRejections (node:internal/process/task_queues:104:5)\n    at runSuite (file:///Users/scottwayman/ANTIGRAVITY/EMR/node_modules/@vitest/runner/dist/index.js:1205:15)"],"meta":{}},{"ancestorTitles":["scrubClaim — NCCI mod-25 placement (regression for C-1)"],"fullName":"scrubClaim — NCCI mod-25 placement (regression for C-1) FLAGS a 99214+99406 claim when mod-25 is mis-placed on the counseling code","status":"failed","title":"FLAGS a 99214+99406 claim when mod-25 is mis-placed on the counseling code","duration":1.5073580000000675,"failureMessages":["AssertionError: expected undefined to be defined\n    at /Users/scottwayman/ANTIGRAVITY/EMR/src/lib/billing/scrub.test.ts:47:68\n    at file:///Users/scottwayman/ANTIGRAVITY/EMR/node_modules/@vitest/runner/dist/index.js:146:14\n    at file:///Users/scottwayman/ANTIGRAVITY/EMR/node_modules/@vitest/runner/dist/index.js:533:11\n    at runWithTimeout (file:///Users/scottwayman/ANTIGRAVITY/EMR/node_modules/@vitest/runner/dist/index.js:39:7)\n    at runTest (file:///Users/scottwayman/ANTIGRAVITY/EMR/node_modules/@vitest/runner/dist/index.js:1056:17)\n    at processTicksAndRejections (node:internal/process/task_queues:104:5)\n    at runSuite (file:///Users/scottwayman/ANTIGRAVITY/EMR/node_modules/@vitest/runner/dist/index.js:1205:15)\n    at runSuite (file:///Users/scottwayman/ANTIGRAVITY/EMR/node_modules/@vitest/runner/dist/index.js:1205:15)\n    at runFiles (file:///Users/scottwayman/ANTIGRAVITY/EMR/node_modules/@vitest/runner/dist/index.js:1262:5)\n    at startTests (file:///Users/scottwayman/ANTIGRAVITY/EMR/node_modules/@vitest/runner/dist/index.js:1271:3)"],"meta":{}},{"ancestorTitles":["scrubClaim — NCCI mod-25 placement (regression for C-1)"],"fullName":"scrubClaim — NCCI mod-25 placement (regression for C-1) FLAGS a 99213+99406 claim with no mod-25 anywhere","status":"passed","title":"FLAGS a 99213+99406 claim with no mod-25 anywhere","duration":0.6450750000001335,"failureMessages":[],"meta":{}},{"ancestorTitles":["scrubClaim — NCCI mod-25 placement (regression for C-1)"],"fullName":"scrubClaim — NCCI mod-25 placement (regression for C-1) BLOCKS unbundleable pairs (36415 + 99213) regardless of modifiers (regression)","status":"passed","title":"BLOCKS unbundleable pairs (36415 + 99213) regardless of modifiers (regression)","duration":1.0077890000000025,"failureMessages":[],"meta":{}},{"ancestorTitles":["scrubClaim — NCCI severity escalation by payer (regression for C-4)"],"fullName":"scrubClaim — NCCI severity escalation by payer (regression for C-4) escalates to ERROR when the payer does NOT honor mod-25 on Z71 (UHC)","status":"failed","title":"escalates to ERROR when the payer does NOT honor mod-25 on Z71 (UHC)","duration":6.780723999999964,"failureMessages":["AssertionError: expected 'warning' to be 'error' // Object.is equality\n    at /Users/scottwayman/ANTIGRAVITY/EMR/src/lib/billing/scrub.test.ts:94:28\n    at file:///Users/scottwayman/ANTIGRAVITY/EMR/node_modules/@vitest/runner/dist/index.js:146:14\n    at file:///Users/scottwayman/ANTIGRAVITY/EMR/node_modules/@vitest/runner/dist/index.js:533:11\n    at runWithTimeout (file:///Users/scottwayman/ANTIGRAVITY/EMR/node_modules/@vitest/runner/dist/index.js:39:7)\n    at runTest (file:///Users/scottwayman/ANTIGRAVITY/EMR/node_modules/@vitest/runner/dist/inde
[...]
e":"PayabliClient.getsale does not retry on 4xx (caller error)","status":"passed","title":"does not retry on 4xx (caller error)","duration":7.676203999999984,"failureMessages":[],"meta":{}},{"ancestorTitles":["PayabliClient.getsale"],"fullName":"PayabliClient.getsale retries on 429 (rate limited)","status":"passed","title":"retries on 429 (rate limited)","duration":2.9173960000000534,"failureMessages":[],"meta":{}},{"ancestorTitles":["PayabliClient.getsale"],"fullName":"PayabliClient.getsale gives up after maxRetries and throws","status":"passed","title":"gives up after maxRetries and throws","duration":7.119065999999975,"failureMessages":[],"meta":{}},{"ancestorTitles":["generateIdempotencyKey"],"fullName":"generateIdempotencyKey produces unique keys","status":"passed","title":"produces unique keys","duration":2.2494759999999587,"failureMessages":[],"meta":{}},{"ancestorTitles":["safe logging (no secret leakage)"],"fullName":"safe logging (no secret leakage) never logs the API key on error","status":"passed","title":"never logs the API key on error","duration":2.8300340000000688,"failureMessages":[],"meta":{}}],"startTime":1778823294621,"endTime":1778823294663.83,"status":"passed","message":"","name":"/Users/scottwayman/ANTIGRAVITY/EMR/src/lib/leafmart/payabli/client.test.ts"},{"assertionResults":[{"ancestorTitles":["verifyWebhookSignature"],"fullName":"verifyWebhookSignature accepts a correctly signed body","status":"passed","title":"accepts a correctly signed body","duration":3.970668000000046,"failureMessages":[],"meta":{}},{"ancestorTitles":["verifyWebhookSignature"],"fullName":"verifyWebhookSignature accepts a signature with sha256= prefix","status":"passed","title":"accepts a signature with sha256= prefix","duration":0.7926390000000083,"failureMessages":[],"meta":{}},{"ancestorTitles":["verifyWebhookSignature"],"fullName":"verifyWebhookSignature rejects a tampered body","status":"passed","title":"rejects a tampered body","duration":0.5869920000000093,"failureMessages":[],"meta":{}},{"ancestorTitles":["verifyWebhookSignature"],"fullName":"verifyWebhookSignature rejects when signed with the wrong secret","status":"passed","title":"rejects when signed with the wrong secret","duration":0.8751350000000002,"failureMessages":[],"meta":{}},{"ancestorTitles":["verifyWebhookSignature"],"fullName":"verifyWebhookSignature rejects when the header is missing","status":"passed","title":"rejects when the header is missing","duration":0.4441759999999704,"failureMessages":[],"meta":{}},{"ancestorTitles":["verifyWebhookSignature"],"fullName":"verifyWebhookSignature rejects when the secret is missing","status":"passed","title":"rejects when the secret is missing","duration":0.9801380000000108,"failureMessages":[],"meta":{}},{"ancestorTitles":["verifyWebhookSignature"],"fullName":"verifyWebhookSignature rejects garbage signatures without throwing","status":"passed","title":"rejects garbage signatures without throwing","duration":0.5183289999999943,"failureMessages":[],"meta":{}},{"ancestorTitles":["dispatchWebhookEvent"],"fullName":"dispatchWebhookEvent invokes the registered handler with the event","status":"passed","title":"invokes the registered handler with the event","duration":3.902601000000004,"failureMessages":[],"meta":{}},{"ancestorTitles":["dispatchWebhookEvent"],"fullName":"dispatchWebhookEvent no-ops on an unhandled event type (does not throw)","status":"passed","title":"no-ops on an unhandled event type (does not throw)","duration":8.177143999999998,"failureMessages":[],"meta":{}},{"ancestorTitles":["dispatchWebhookEvent"],"fullName":"dispatchWebhookEvent propagates errors thrown by handlers (so the route can 500 and trigger Payabli retry)","status":"passed","title":"propagates errors thrown by handlers (so the route can 500 and trigger Payabli retry)","duration":7.482889999999998,"failureMessages":[],"meta":{}}],"startTime":1778823295634,"endTime":1778823295662.483,"status":"passed","message":"","name":"/Users/scottwayman/ANTIGRAVITY/EMR/src/lib/leafmart/payabli/webhook.test.ts"},{"assertionResults":[{"ancestorTitles":["calculateSalesTax — stub fallback (no TAXJAR_API_KEY)"],"fullName":"calculateSalesTax — stub fallback (no TAXJAR_API_KEY) returns 0 tax for a no-sales-tax state (Oregon)","status":"passed","title":"returns 0 tax for a no-sales-tax state (Oregon)","duration":3.247292000000016,"failureMessages":[],"meta":{}},{"ancestorTitles":["calculateSalesTax — stub fallback (no TAXJAR_API_KEY)"],"fullName":"calculateSalesTax — stub fallback (no TAXJAR_API_KEY) returns flat 8.75% for a marketplace-facilitator state without API key","status":"passed","title":"returns flat 8.75% for a marketplace-facilitator state without API key","duration":0.6843190000000732,"failureMessages":[],"meta":{}},{"ancestorTitles":["calculateSalesTax — stub fallback (no TAXJAR_API_KEY)"],"fullName":"calculateSalesTax — stub fallback (no TAXJAR_API_KEY) rounds tax to 2 decimal places","status":"passed","title":"rounds tax to 2 decimal places","duration":0.41536999999993895,"failureMessages":[],"meta":{}},{"ancestorTitles":["calculateSalesTax — TaxJar real path (mocked)"],"fullName":"calculateSalesTax — TaxJar real path (mocked) calls TaxJar and normalizes the response shape","status":"passed","title":"calls TaxJar and normalizes the response shape","duration":17.79225299999996,"failureMessages":[],"meta":{}},{"ancestorTitles":["calculateSalesTax — TaxJar real path (mocked)"],"fullName":"calculateSalesTax — TaxJar real path (mocked) retries on 503 and succeeds","status":"passed","title":"retries on 503 and succeeds","duration":3.829298999999992,"failureMessages":[],"meta":{}},{"ancestorTitles":["calculateSalesTax — TaxJar real path (mocked)"],"fullName":"calculateSalesTax — TaxJar real path (mocked) does not retry on 4xx","status":"passed","title":"does not retry on 4xx","duration":3.222625999999991,"failureMessages":[],"meta":{}},{"ancestorTitles":["calculateSalesTax — TaxJar real path (mocked)"],"fullName":"calculateSalesTax — TaxJar real path (mocked) short-circuits to zero before calling TaxJar for no-tax states","status":"passed","title":"short-circuits to zero before calling TaxJar for no-tax states","duration":1.476464999999962,"failureMessages":[],"meta":{}}],"startTime":1778823294127,"endTime":1778823294158.4766,"status":"passed","message":"","name":"/Users/scottwayman/ANTIGRAVITY/EMR/src/lib/leafmart/taxjar/client.test.ts"},{"assertionResults":[{"ancestorTitles":["shouldCollectSalesTax"],"fullName":"shouldCollectSalesTax returns true for marketplace-facilitator states","status":"passed","title":"returns true for marketplace-facilitator states","duration":2.8940900000000056,"failureMessages":[],"meta":{}},{"ancestorTitles":["shouldCollectSalesTax"],"fullName":"shouldCollectSalesTax returns false for the 5 NOMAD states (Alaska, Delaware, Montana, New Hampshire, Oregon)","status":"passed","title":"returns false for the 5 NOMAD states (Alaska, Delaware, Montana, New Hampshire, Oregon)","duration":0.6254669999998441,"failureMessages":[],"meta":{}},{"ancestorTitles":["shouldCollectSalesTax"],"fullName":"shouldCollectSalesTax is case-insensitive","status":"passed","title":"is case-insensitive","duration":0.43377799999984745,"failureMessages":[],"meta":{}},{"ancestorTitles":["shouldCollectSalesTax"],"fullName":"shouldCollectSalesTax returns false for unknown jurisdictions (defaults to no-collect, fail-safe for revenue)","status":"passed","title":"returns false for unknown jurisdictions (defaults to no-collect, fail-safe for revenue)","duration":0.210158999999976,"failureMessages":[],"meta":{}},{"ancestorTitles":["getMarketplaceFacilitatorRule"],"fullName":"getMarketplaceFacilitatorRule returns the rule object for a known state","status":"passed","title":"returns the rule object for a known state","duration":0.3006909999999152,"failureMessages":[],"meta":{}},{"ancestorTitles":["getMarketplaceFacilitatorRule"],"fullName":"getMarketplaceFacilitatorRule returns null for an unknown state","status":"passed","title":"returns null for an unknown state","duration":0.36366099999986545,"failureMessages":[],"meta":{}}],"startTime":1778823299885,"endTime":1778823299891.3638,"status":"passed","message":"","name":"/Users/scottwayman/ANTIGRAVITY/EMR/src/lib/leafmart/taxjar/marketplace-facilitator.test.ts"},{"assertionResults":[{"ancestorTitles":["modality registry shape"],"fullName":"modality registry shape MODALITY_META covers every REGISTERED_MODALITIES entry","status":"passed","title":"MODALITY_META covers every REGISTERED_MODALITIES entry","duration":22.104286000000002,"failureMessages":[],"meta":{}},{"ancestorTitles":["modality registry shape"],"fullName":"modality registry shape commerce-leafmart requires cannabis-medicine (v1 dependency)","status":"passed","title":"commerce-leafmart requires cannabis-medicine (v1 dependency)","duration":1.1962770000000091,"failureMessages":[],"meta":{}},{"ancestorTitles":["isModalityEnabled"],"fullName":"isModalityEnabled returns false for an unpublished practice (no config row)","status":"passed","title":"returns false for an unpublished practice (no config row)","duration":71.5401609999999,"failureMessages":[],"meta":{}},{"ancestorTitles":["isModalityEnabled"],"fullName":"isModalityEnabled returns false for cannabis-medicine on a Pain Management published config","status":"passed","title":"returns false for cannabis-medicine on a Pain Management published config","duration":8.836424000000079,"failureMessages":[],"meta":{}},{"ancestorTitles":["isModalityEnabled"],"fullName":"isModalityEnabled returns true for cannabis-medicine on a Cannabis Medicine published config","status":"passed","title":"returns true for cannabis-medicine on a Cannabis Medicine published config","duration":7.399861999999985,"failureMessages":[],"meta":{}},{"ancestorTitles":["isModalityEnabled"],"fullName":"isModalityEnabled disabling cannabis-medicine cascades to commerce-leafmart","status":"passed","title":"disabling cannabis-medicine cascades to commerce-leafmart","duration":6.742140999999947,"failureMessages":[],"meta":{}},{"ancestorTitles":["isModalityEnabled"],"fullName":"isModalityEnabled commerce-leafmart enabled without cannabis-medicine in either list still cascades off","status":"passed","title":"commerce-leafmart enabled without cannabis-medicine in either list still cascades off","duration":6.269813000000113,"failureMessages":[],"meta":{}},{"ancestorTitles":["isModalityEnabled"],"fullName":"isModalityEnabled returns false when practiceId is empty","status":"passed","title":"returns false when practiceId is empty","duration":7.785323999999946,"failureMessages":[],"meta":{}},{"ancestorTitles":["requireModalityEnabled"],"fullName":"requireModalityEnabled throws MODALITY_DISABLED:<slug> when off","status":"passed","title":"throws MODALITY_DISABLED:<slug> when off","duration":42.89796200000001,"failureMessages":[],"meta":{}},{"ancestorTitles":["requireModalityEnabled"],"fullName":"requireModalityEnabled resolves silently when on","status":"passed","title":"resolves silently when on","duration":16.267959999999903,"failureMessages":[],"meta":{}},{"ancestorTitles":["requireModalityEnabled"],"fullName":"requireModalityEnabled withModalityErrors translates MODALITY_DISABLED to 403 JSON","status":"passed","title":"withModalityErrors translates MODALITY_DISABLED to 403 JSON","duration":30.17745499999978,"failureMessages":[],"meta":{}}],"startTime":1778823291239,"endTime":1778823291461.1775,"status":"passed","message":"","name":"/Users/scottwayman/ANTIGRAVITY/EMR/src/lib/modality/__tests__/registry.test.ts"},{"assertionResults":[{"ancestorTitles":["specialty-template extensibility (EMR-433)"],"fullName":"specialty-template extensibility (EMR-433) listActiveSpecialtyTemplates() returns the three v1 specialties + the test fixture under NODE_ENV=test","status":"passed","title":"listActiveSpecialtyTemplates() returns the three v1 specialties + the test fixture under NODE_ENV=test","duration":10.654041000000007,"failureMessages":[],"meta":{}},{"ancestorTitles":["specialty-template extensibility (EMR-433)"],"fullName":"specialty-template extensibility (EMR-433) listActiveSpecialtyTemplates() excludes the test fixture when NODE_ENV=production","status":"failed","title":"listActiveSpecialtyTemplates() excludes the test fixture when NODE_ENV=production","duration":11.155471999999918,"failureMessages":["AssertionError: expected [ 'cannabis-medicine', …(4) ] to deeply equal [ 'cannabis-medicine', …(2) ]\n    at /Users/scottwayman/ANTIGRAVITY/EMR/src/lib/specialty-templates/__tests__/extensibility.test.ts:80:19\n    at file:///Users/scottwayman/ANTIGRAVITY/EMR/node_modules/@vitest/runner/dist/index.js:146:14\n    at file:///Users/scottwayman/ANTIGRAVITY/EMR/node_modules/@vitest/runner/dist/index.js:533:11\n    at runWithTimeout (file:///Users/scottwayman/ANTIGRAVITY/EMR/node_modules/@vitest/runner/dist/index.js:39:7)\n    at runTest (file:///Users/scottwayman/ANTIGRAVITY/EMR/node_modules/@vitest/runner/dist/index.js:1056:17)\n    at processTicksAndRejections (node:internal/process/task_queues:104:5)\n    at runSuite (file:///Users/scottwayman/ANTIGRAVITY/EMR/node_modules/@vitest/runner/dist/index.js:1205:15)\n    at runSuite (file:///Users/scottwayman/ANTIGRAVITY/EMR/node_modules/@vitest/runner/dist/index.js:1205:15)\n    at runFiles (file:///Users/scottwayman/ANTIGRAVITY/EMR/node_modules/@vitest/runner/dist/index.js:1262:5)\n    at startTests (file:///Users/scottwayman/ANTIGRAVITY/EMR/node_modules/@vitest/runner/dist/index.js:1271:3)"],"meta":{}},{"ancestorTitles":["specialty-template extensibility (EMR-433)"],"fullName":"specialty-template extensibility (EMR-433) validateManifest rejects a syntactically broken manifest with clear field paths","status":"passed","title":"validateManifest rejects a syntactically broken manifest with clear field paths","duration":3.7871600000000853,"failureMessages":[],"meta":{}},{"ancestorTitles":["specialty-template extensibility (EMR-433)"],"fullName":"specialty-template extensibility (EMR-433) validateManifest rejects a manifest that references a modality outside REGISTERED_MODALITIES","status":"passed","title":"validateManifest rejects a manifest that references a modality outside REGISTERED_MODALITIES","duration":1.8578990000000886,"failureMessages":[],"meta":{}},{"ancestorTitles":["specialty-template extensibility (EMR-433)"],"fullName":"specialty-template extensibility (EMR-433) validateManifest accepts a manifest that uses every REGISTERED_MODALITY once between enabled+disabled","status":"passed","title":"validateManifest accepts a manifest that uses every REGISTERED_MODALITY once between enabled+disabled","duration":1.7698359999999411,"failureMessages":[],"meta":{}}],"startTime":1778823292531,"endTime":1778823292560.7698,"status":"failed","message":"","name":"/Users/scottwayman/ANTIGRAVITY/EMR/src/lib/specialty-templates/__tests__/extensibility.test.ts"},{"assertionResults":[{"ancestorTitles":["specialty-template registry"],"fullName":"specialty-template registry loads and validates all three v1 manifests (plus the test fixture under NODE_ENV=test)","status":"passed","title":"loads and validates all three v1 manifests (plus the test fixture under NODE_ENV=test)","duration":12.56841600000007,"failureMessages":[],"meta":{}},{"ancestorTitles":["specialty-template registry"],"fullName":"specialty-template registry getSpecialtyTemplate returns the manifest for a known slug and null otherwise","status":"passed","title":"getSpecialtyTemplate returns the manifest for a known slug and null otherwise","duration":2.0403380000000197,"failureMessages":[],"meta":{}},{"ancestorTitles":["specialty-template registry"],"fullName":"specialty-template registry pain-management-non-cannabis manifest explicitly disables cannabis-medicine (P0 bleed gate)","status":"passed","title":"pain-management-non-cannabis manifest explicitly disables cannabis-medicine (P0 bleed gate)","duration":23.647572999999966,"failureMessages":[],"meta":{}},{"ancestorTitles":["specialty-template registry"],"fullName":"specialty-template registry applyTemplateDefaults('pain-management-non-cannabis') excludes cannabis-medicine from enabled modalities","status":"passed","title":"applyTemplateDefaults('pain-management-non-cannabis') excludes cannabis-medicine from enabled modalities","duration":1.420998999999938,"failureMessages":[],"meta":{}},{"ancestorTitles":["specialty-template registry"],"fullName":"specialty-template registry applyTemplateDefaults projects all expected fields for internal-medicine","status":"passed","title":"applyTemplateDefaults projects all expected fields for internal-medicine","duration":1.4304149999998117,"failureMessages":[],"meta":{}},{"ancestorTitles":["specialty-template registry"],"fullName":"specialty-template registry applyTemplateDefaults returns an empty object for an unknown slug","status":"passed","title":"applyTemplateDefaults returns an empty object for an unknown slug","duration":0.9001449999998385,"failureMessages":[],"meta":{}},{"ancestorTitles":["specialty-template registry"],"fullName":"specialty-template registry cannabis-medicine manifest enables cannabis-medicine + leafmart commerce","status":"passed","title":"cannabis-medicine manifest enables cannabis-medicine + leafmart commerce","duration":0.5796060000000125,"failureMessages":[],"meta":{}}],"startTime":1778823295498,"endTime":1778823295540.5796,"status":"passed","message":"","name":"/Users/scottwayman/ANTIGRAVITY/EMR/src/lib/specialty-templates/__tests__/registry.test.ts"},{"assertionResults":[{"ancestorTitles":["specialty-template versioning (EMR-431)"],"fullName":"specialty-template versioning (EMR-431) loads two versions of the same slug and exposes each independently","status":"passed","title":"loads two versions of the same slug and exposes each independently","duration":5.318663999999899,"failureMessages":[],"meta":{}},{"ancestorTitles":["specialty-template versioning (EMR-431)"],"fullName":"specialty-template versioning (EMR-431) listActiveSpecialtyTemplates excludes deprecated and returns only the latest non-deprecated version per slug","status":"passed","title":"listActiveSpecialtyTemplates excludes deprecated and returns only the latest non-deprecated version per slug","duration":5.731991999999991,"failureMessages":[],"meta":{}},{"ancestorTitles":["specialty-template versioning (EMR-431)"],"fullName":"specialty-template versioning (EMR-431) applyTemplateDefaults throws DEPRECATED_TEMPLATE when the slug has no non-deprecated version","status":"passed","title":"applyTemplateDefaults throws DEPRECATED_TEMPLATE when the slug has no non-deprecated version","duration":4.175412000000051,"failureMessages":[],"meta":{}},{"ancestorTitles":["specialty-template versioning (EMR-431)"],"fullName":"specialty-template versioning (EMR-431) getSpecialtyTemplate(slug, '0.9.0') returns null when that version is not registered","status":"passed","title":"getSpecialtyTemplate(slug, '0.9.0') returns null when that version is not registered","duration":0.7539150000000063,"failureMessages":[],"meta":{}},{"ancestorTitles":["specialty-template versioning (EMR-431)"],"fullName":"specialty-template versioning (EMR-431) applyTemplateDefaults projects selectedSpecialtyVersion from the resolved manifest","status":"passed","title":"applyTemplateDefaults projects selectedSpecialtyVersion from the resolved manifest","duration":1.2505619999999453,"failureMessages":[],"meta":{}}],"startTime":1778823292443,"endTime":1778823292460.2505,"status":"passed","message":"","name":"/Users/scottwayman/ANTIGRAVITY/EMR/src/lib/specialty-templates/__tests__/versioning.test.ts"},{"assertionResults":[],"startTime":1778823289181,"endTime":1778823289181,"status":"failed","message":"This module cannot be imported from a Client Component module. It should only be used from a Server Component.","name":"/Users/scottwayman/ANTIGRAVITY/EMR/src/app/(clinician)/clinic/patients/[id]/billing/actions.test.ts"}]}
